Time resolution is 1 ps
Time =                    0, clk = 0, sw = 0, data = 0000
Time =                 1000, clk = 1, sw = 0, data = 0000
Time =                 1000, clk = 0, sw = 0, data = 0000
Time =                 2000, clk = 1, sw = 0, data = 0000
Time =                 2000, clk = 0, sw = 0, data = 0000
Time =                 3000, clk = 1, sw = 0, data = 0000
Time =                 4000, clk = 0, sw = 0, data = 0000
Time =                 4000, clk = 1, sw = 0, data = 0000
Time =                 5000, clk = 0, sw = 0, data = 0000
Time =                 5000, clk = 1, sw = 0, data = 0000
Time =                 6000, clk = 0, sw = 1, data = 0000
Time =                 6000, clk = 1, sw = 1, data = 0000
Time =                 7000, clk = 0, sw = 1, data = 0000
Time =                 8000, clk = 1, sw = 1, data = 0000
Time =                 8000, clk = 0, sw = 1, data = 0000
Time =                 9000, clk = 1, sw = 1, data = 0000
Time =                 9000, clk = 0, sw = 1, data = 0000
Time =                10000, clk = 1, sw = 1, data = 0000
Time =                11000, clk = 0, sw = 1, data = 0000
Time =                11000, clk = 1, sw = 1, data = 0000
Time =                12000, clk = 0, sw = 1, data = 0000
Time =                12000, clk = 1, sw = 1, data = 1000
Time =                13000, clk = 0, sw = 1, data = 1000
Time =                14000, clk = 1, sw = 1, data = 1000
Time =                14000, clk = 0, sw = 1, data = 1000
Time =                15000, clk = 1, sw = 1, data = 1000
Time =                15000, clk = 0, sw = 1, data = 1000
Time =                16000, clk = 1, sw = 1, data = 1000
Time =                16000, clk = 0, sw = 1, data = 1000
Time =                17000, clk = 1, sw = 1, data = 1000
Time =                18000, clk = 0, sw = 1, data = 1000
Time =                18000, clk = 1, sw = 1, data = 1000
Time =                19000, clk = 0, sw = 1, data = 1000
Time =                19000, clk = 1, sw = 1, data = 1000
Time =                20000, clk = 0, sw = 1, data = 1000
Time =                21000, clk = 1, sw = 1, data = 1000
Time =                21000, clk = 0, sw = 1, data = 1000
Time =                22000, clk = 1, sw = 1, data = 1000
Time =                22000, clk = 0, sw = 1, data = 1000
Time =                23000, clk = 1, sw = 1, data = 1000
Time =                23000, clk = 0, sw = 1, data = 1000
Time =                24000, clk = 1, sw = 1, data = 1000
Time =                25000, clk = 0, sw = 1, data = 1000
Time =                25000, clk = 1, sw = 1, data = 1000
Time =                26000, clk = 0, sw = 1, data = 1000
Time =                26000, clk = 1, sw = 1, data = 1000
Time =                27000, clk = 0, sw = 1, data = 1000
Time =                28000, clk = 1, sw = 1, data = 1000
Time =                28000, clk = 0, sw = 1, data = 1000
Time =                29000, clk = 1, sw = 1, data = 1000
Time =                29000, clk = 0, sw = 1, data = 1000
Time =                30000, clk = 1, sw = 1, data = 1000
Time =                31000, clk = 0, sw = 1, data = 1000
Time =                31000, clk = 1, sw = 1, data = 1000
Time =                32000, clk = 0, sw = 1, data = 1000
Time =                32000, clk = 1, sw = 1, data = 1000
Time =                33000, clk = 0, sw = 1, data = 1000
Time =                33000, clk = 1, sw = 1, data = 1000
Time =                34000, clk = 0, sw = 1, data = 1000
Time =                35000, clk = 1, sw = 1, data = 1000
Time =                35000, clk = 0, sw = 1, data = 1000
Time =                36000, clk = 1, sw = 1, data = 1000
Time =                36000, clk = 0, sw = 1, data = 1000
Time =                37000, clk = 1, sw = 1, data = 1000
Time =                38000, clk = 0, sw = 1, data = 1000
Time =                38000, clk = 1, sw = 1, data = 0100
Time =                39000, clk = 0, sw = 1, data = 0100
Time =                39000, clk = 1, sw = 1, data = 0100
Time =                40000, clk = 0, sw = 1, data = 0100
Time =                41000, clk = 1, sw = 1, data = 0100
Time =                41000, clk = 0, sw = 1, data = 0100
Time =                42000, clk = 1, sw = 1, data = 0100
Time =                42000, clk = 0, sw = 1, data = 0100
Time =                43000, clk = 1, sw = 1, data = 0100
Time =                43000, clk = 0, sw = 1, data = 0100
Time =                44000, clk = 1, sw = 1, data = 0100
Time =                45000, clk = 0, sw = 1, data = 0100
Time =                45000, clk = 1, sw = 1, data = 0100
Time =                46000, clk = 0, sw = 1, data = 0100
Time =                46000, clk = 1, sw = 1, data = 0100
Time =                47000, clk = 0, sw = 1, data = 0100
Time =                48000, clk = 1, sw = 1, data = 0100
Time =                48000, clk = 0, sw = 1, data = 0100
Time =                49000, clk = 1, sw = 1, data = 0100
Time =                49000, clk = 0, sw = 1, data = 0100
Time =                50000, clk = 1, sw = 1, data = 0100
Time =                50000, clk = 0, sw = 1, data = 0100
Time =                51000, clk = 1, sw = 1, data = 0100
Time =                52000, clk = 0, sw = 1, data = 0100
Time =                52000, clk = 1, sw = 1, data = 0100
Time =                53000, clk = 0, sw = 1, data = 0100
Time =                53000, clk = 1, sw = 1, data = 0100
Time =                54000, clk = 0, sw = 1, data = 0100
Time =                55000, clk = 1, sw = 1, data = 0100
Time =                55000, clk = 0, sw = 1, data = 0100
Time =                56000, clk = 1, sw = 1, data = 0100
Time =                56000, clk = 0, sw = 1, data = 0100
Time =                57000, clk = 1, sw = 1, data = 0100
Time =                58000, clk = 0, sw = 1, data = 0100
Time =                58000, clk = 1, sw = 1, data = 0100
Time =                59000, clk = 0, sw = 1, data = 0100
Time =                59000, clk = 1, sw = 1, data = 0100
Time =                60000, clk = 0, sw = 1, data = 0100
Time =                60000, clk = 1, sw = 1, data = 0100
Time =                61000, clk = 0, sw = 1, data = 0100
Time =                62000, clk = 1, sw = 1, data = 0100
Time =                62000, clk = 0, sw = 1, data = 0100
Time =                63000, clk = 1, sw = 1, data = 0100
Time =                63000, clk = 0, sw = 1, data = 0100
Time =                64000, clk = 1, sw = 1, data = 0010
Time =                65000, clk = 0, sw = 1, data = 0010
Time =                65000, clk = 1, sw = 1, data = 0010
Time =                66000, clk = 0, sw = 1, data = 0010
Time =                66000, clk = 1, sw = 1, data = 0010
Time =                67000, clk = 0, sw = 1, data = 0010
Time =                68000, clk = 1, sw = 1, data = 0010
Time =                68000, clk = 0, sw = 1, data = 0010
Time =                69000, clk = 1, sw = 1, data = 0010
Time =                69000, clk = 0, sw = 1, data = 0010
Time =                70000, clk = 1, sw = 1, data = 0010
Time =                70000, clk = 0, sw = 1, data = 0010
Time =                71000, clk = 1, sw = 1, data = 0010
Time =                72000, clk = 0, sw = 1, data = 0010
Time =                72000, clk = 1, sw = 1, data = 0010
Time =                73000, clk = 0, sw = 1, data = 0010
Time =                73000, clk = 1, sw = 1, data = 0010
Time =                74000, clk = 0, sw = 1, data = 0010
Time =                75000, clk = 1, sw = 1, data = 0010
Time =                75000, clk = 0, sw = 1, data = 0010
Time =                76000, clk = 1, sw = 1, data = 0010
Time =                76000, clk = 0, sw = 1, data = 0010
Time =                77000, clk = 1, sw = 1, data = 0010
Time =                77000, clk = 0, sw = 1, data = 0010
Time =                78000, clk = 1, sw = 1, data = 0010
Time =                79000, clk = 0, sw = 1, data = 0010
Time =                79000, clk = 1, sw = 1, data = 0010
Time =                80000, clk = 0, sw = 1, data = 0010
Time =                80000, clk = 1, sw = 1, data = 0010
Time =                81000, clk = 0, sw = 1, data = 0010
Time =                82000, clk = 1, sw = 1, data = 0010
Time =                82000, clk = 0, sw = 1, data = 0010
Time =                83000, clk = 1, sw = 1, data = 0010
Time =                83000, clk = 0, sw = 1, data = 0010
Time =                84000, clk = 1, sw = 1, data = 0010
Time =                85000, clk = 0, sw = 1, data = 0010
Time =                85000, clk = 1, sw = 1, data = 0010
Time =                86000, clk = 0, sw = 1, data = 0010
Time =                86000, clk = 1, sw = 1, data = 0010
Time =                87000, clk = 0, sw = 1, data = 0010
Time =                87000, clk = 1, sw = 1, data = 0010
Time =                88000, clk = 0, sw = 1, data = 0010
Time =                89000, clk = 1, sw = 1, data = 0010
Time =                89000, clk = 0, sw = 1, data = 0010
Time =                90000, clk = 1, sw = 1, data = 0001
Time =                90000, clk = 0, sw = 1, data = 0001
Time =                91000, clk = 1, sw = 1, data = 0001
Time =                92000, clk = 0, sw = 1, data = 0001
Time =                92000, clk = 1, sw = 1, data = 0001
Time =                93000, clk = 0, sw = 1, data = 0001
Time =                93000, clk = 1, sw = 1, data = 0001
Time =                94000, clk = 0, sw = 1, data = 0001
Time =                95000, clk = 1, sw = 1, data = 0001
Time =                95000, clk = 0, sw = 1, data = 0001
Time =                96000, clk = 1, sw = 1, data = 0001
Time =                96000, clk = 0, sw = 1, data = 0001
Time =                97000, clk = 1, sw = 1, data = 0001
Time =                97000, clk = 0, sw = 1, data = 0001
Time =                98000, clk = 1, sw = 1, data = 0001
Time =                99000, clk = 0, sw = 1, data = 0001
Time =                99000, clk = 1, sw = 1, data = 0001
Time =               100000, clk = 0, sw = 1, data = 0001
Time =               100000, clk = 1, sw = 1, data = 0001
Time =               101000, clk = 0, sw = 1, data = 0001
Time =               102000, clk = 1, sw = 1, data = 0001
Time =               102000, clk = 0, sw = 1, data = 0001
Time =               103000, clk = 1, sw = 1, data = 0001
Time =               103000, clk = 0, sw = 1, data = 0001
Time =               104000, clk = 1, sw = 1, data = 0001
Time =               104000, clk = 0, sw = 1, data = 0001
Time =               105000, clk = 1, sw = 1, data = 0001
Time =               106000, clk = 0, sw = 1, data = 0001
Time =               106000, clk = 1, sw = 1, data = 0001
Time =               107000, clk = 0, sw = 1, data = 0001
Time =               107000, clk = 1, sw = 1, data = 0001
Time =               108000, clk = 0, sw = 1, data = 0001
Time =               109000, clk = 1, sw = 1, data = 0001
Time =               109000, clk = 0, sw = 1, data = 0001
Time =               110000, clk = 1, sw = 1, data = 0001
Time =               110000, clk = 0, sw = 1, data = 0001
Time =               111000, clk = 1, sw = 1, data = 0001
Time =               112000, clk = 0, sw = 1, data = 0001
Time =               112000, clk = 1, sw = 1, data = 0001
Time =               113000, clk = 0, sw = 1, data = 0001
Time =               113000, clk = 1, sw = 1, data = 0001
Time =               114000, clk = 0, sw = 1, data = 0001
Time =               114000, clk = 1, sw = 1, data = 0001
Time =               115000, clk = 0, sw = 1, data = 0001
Time =               116000, clk = 1, sw = 1, data = 1000
Time =               116000, clk = 0, sw = 1, data = 1000
Time =               117000, clk = 1, sw = 1, data = 1000
Time =               117000, clk = 0, sw = 1, data = 1000
Time =               118000, clk = 1, sw = 1, data = 1000
Time =               119000, clk = 0, sw = 1, data = 1000
Time =               119000, clk = 1, sw = 1, data = 1000
Time =               120000, clk = 0, sw = 1, data = 1000
Time =               120000, clk = 1, sw = 1, data = 1000
Time =               121000, clk = 0, sw = 1, data = 1000
Time =               122000, clk = 1, sw = 1, data = 1000
Time =               122000, clk = 0, sw = 1, data = 1000
Time =               123000, clk = 1, sw = 1, data = 1000
Time =               123000, clk = 0, sw = 1, data = 1000
Time =               124000, clk = 1, sw = 1, data = 1000
Time =               124000, clk = 0, sw = 1, data = 1000
Time =               125000, clk = 1, sw = 1, data = 1000
Time =               126000, clk = 0, sw = 1, data = 1000
Time =               126000, clk = 1, sw = 1, data = 1000
Time =               127000, clk = 0, sw = 1, data = 1000
Time =               127000, clk = 1, sw = 1, data = 1000
Time =               128000, clk = 0, sw = 1, data = 1000
Time =               129000, clk = 1, sw = 1, data = 1000
Time =               129000, clk = 0, sw = 1, data = 1000
Time =               130000, clk = 1, sw = 1, data = 1000
Time =               130000, clk = 0, sw = 1, data = 1000
Time =               131000, clk = 1, sw = 1, data = 1000
Time =               131000, clk = 0, sw = 1, data = 1000
Time =               132000, clk = 1, sw = 1, data = 1000
Time =               133000, clk = 0, sw = 1, data = 1000
Time =               133000, clk = 1, sw = 1, data = 1000
Time =               134000, clk = 0, sw = 1, data = 1000
Time =               134000, clk = 1, sw = 1, data = 1000
Time =               135000, clk = 0, sw = 1, data = 1000
Time =               136000, clk = 1, sw = 1, data = 1000
Time =               136000, clk = 0, sw = 1, data = 1000
Time =               137000, clk = 1, sw = 1, data = 1000
Time =               137000, clk = 0, sw = 1, data = 1000
Time =               138000, clk = 1, sw = 1, data = 1000
Time =               139000, clk = 0, sw = 1, data = 1000
Time =               139000, clk = 1, sw = 1, data = 1000
Time =               140000, clk = 0, sw = 1, data = 1000
Time =               140000, clk = 1, sw = 1, data = 1000
Time =               141000, clk = 0, sw = 1, data = 1000
Time =               141000, clk = 1, sw = 1, data = 0100
Time =               142000, clk = 0, sw = 1, data = 0100
Time =               143000, clk = 1, sw = 1, data = 0100
Time =               143000, clk = 0, sw = 1, data = 0100
Time =               144000, clk = 1, sw = 1, data = 0100
Time =               144000, clk = 0, sw = 1, data = 0100
Time =               145000, clk = 1, sw = 1, data = 0100
Time =               146000, clk = 0, sw = 1, data = 0100
Time =               146000, clk = 1, sw = 1, data = 0100
Time =               147000, clk = 0, sw = 1, data = 0100
Time =               147000, clk = 1, sw = 1, data = 0100
Time =               148000, clk = 0, sw = 1, data = 0100
Time =               149000, clk = 1, sw = 1, data = 0100
Time =               149000, clk = 0, sw = 1, data = 0100
Time =               150000, clk = 1, sw = 1, data = 0100
Time =               150000, clk = 0, sw = 1, data = 0100
Time =               151000, clk = 1, sw = 1, data = 0100
Time =               151000, clk = 0, sw = 1, data = 0100
Time =               152000, clk = 1, sw = 1, data = 0100
Time =               153000, clk = 0, sw = 1, data = 0100
Time =               153000, clk = 1, sw = 1, data = 0100
Time =               154000, clk = 0, sw = 1, data = 0100
Time =               154000, clk = 1, sw = 1, data = 0100
Time =               155000, clk = 0, sw = 1, data = 0100
Time =               156000, clk = 1, sw = 1, data = 0100
Time =               156000, clk = 0, sw = 1, data = 0100
Time =               157000, clk = 1, sw = 1, data = 0100
Time =               157000, clk = 0, sw = 1, data = 0100
Time =               158000, clk = 1, sw = 1, data = 0100
Time =               158000, clk = 0, sw = 1, data = 0100
Time =               159000, clk = 1, sw = 1, data = 0100
Time =               160000, clk = 0, sw = 1, data = 0100
Time =               160000, clk = 1, sw = 1, data = 0100
Time =               161000, clk = 0, sw = 1, data = 0100
Time =               161000, clk = 1, sw = 1, data = 0100
Time =               162000, clk = 0, sw = 1, data = 0100
Time =               163000, clk = 1, sw = 1, data = 0100
Time =               163000, clk = 0, sw = 1, data = 0100
Time =               164000, clk = 1, sw = 1, data = 0100
Time =               164000, clk = 0, sw = 1, data = 0100
Time =               165000, clk = 1, sw = 1, data = 0100
Time =               166000, clk = 0, sw = 1, data = 0100
Time =               166000, clk = 1, sw = 1, data = 0100
Time =               167000, clk = 0, sw = 1, data = 0100
Time =               167000, clk = 1, sw = 1, data = 0010
Time =               168000, clk = 0, sw = 1, data = 0010
Time =               168000, clk = 1, sw = 1, data = 0010
Time =               169000, clk = 0, sw = 1, data = 0010
Time =               170000, clk = 1, sw = 1, data = 0010
Time =               170000, clk = 0, sw = 1, data = 0010
Time =               171000, clk = 1, sw = 1, data = 0010
Time =               171000, clk = 0, sw = 1, data = 0010
Time =               172000, clk = 1, sw = 1, data = 0010
Time =               173000, clk = 0, sw = 1, data = 0010
Time =               173000, clk = 1, sw = 1, data = 0010
Time =               174000, clk = 0, sw = 1, data = 0010
Time =               174000, clk = 1, sw = 1, data = 0010
Time =               175000, clk = 0, sw = 1, data = 0010
Time =               176000, clk = 1, sw = 1, data = 0010
Time =               176000, clk = 0, sw = 1, data = 0010
Time =               177000, clk = 1, sw = 1, data = 0010
Time =               177000, clk = 0, sw = 1, data = 0010
Time =               178000, clk = 1, sw = 1, data = 0010
Time =               178000, clk = 0, sw = 1, data = 0010
Time =               179000, clk = 1, sw = 1, data = 0010
Time =               180000, clk = 0, sw = 1, data = 0010
Time =               180000, clk = 1, sw = 1, data = 0010
Time =               181000, clk = 0, sw = 1, data = 0010
Time =               181000, clk = 1, sw = 1, data = 0010
Time =               182000, clk = 0, sw = 1, data = 0010
Time =               183000, clk = 1, sw = 1, data = 0010
Time =               183000, clk = 0, sw = 1, data = 0010
Time =               184000, clk = 1, sw = 1, data = 0010
Time =               184000, clk = 0, sw = 1, data = 0010
Time =               185000, clk = 1, sw = 1, data = 0010
Time =               185000, clk = 0, sw = 1, data = 0010
Time =               186000, clk = 1, sw = 1, data = 0010
Time =               187000, clk = 0, sw = 1, data = 0010
Time =               187000, clk = 1, sw = 1, data = 0010
Time =               188000, clk = 0, sw = 1, data = 0010
Time =               188000, clk = 1, sw = 1, data = 0010
Time =               189000, clk = 0, sw = 1, data = 0010
Time =               190000, clk = 1, sw = 1, data = 0010
Time =               190000, clk = 0, sw = 1, data = 0010
Time =               191000, clk = 1, sw = 1, data = 0010
Time =               191000, clk = 0, sw = 1, data = 0010
Time =               192000, clk = 1, sw = 1, data = 0010
Time =               193000, clk = 0, sw = 1, data = 0010
Time =               193000, clk = 1, sw = 1, data = 0001
Time =               194000, clk = 0, sw = 1, data = 0001
Time =               194000, clk = 1, sw = 1, data = 0001
Time =               195000, clk = 0, sw = 1, data = 0001
Time =               195000, clk = 1, sw = 1, data = 0001
Time =               196000, clk = 0, sw = 1, data = 0001
Time =               197000, clk = 1, sw = 1, data = 0001
Time =               197000, clk = 0, sw = 1, data = 0001
Time =               198000, clk = 1, sw = 1, data = 0001
Time =               198000, clk = 0, sw = 1, data = 0001
Time =               199000, clk = 1, sw = 1, data = 0001
Time =               200000, clk = 0, sw = 1, data = 0001
Time =               200000, clk = 1, sw = 1, data = 0001
Time =               201000, clk = 0, sw = 1, data = 0001
Time =               201000, clk = 1, sw = 1, data = 0001
Time =               202000, clk = 0, sw = 1, data = 0001
Time =               203000, clk = 1, sw = 1, data = 0001
Time =               203000, clk = 0, sw = 1, data = 0001
Time =               204000, clk = 1, sw = 1, data = 0001
Time =               204000, clk = 0, sw = 1, data = 0001
Time =               205000, clk = 1, sw = 1, data = 0001
Time =               205000, clk = 0, sw = 1, data = 0001
Time =               206000, clk = 1, sw = 1, data = 0001
Time =               207000, clk = 0, sw = 1, data = 0001
Time =               207000, clk = 1, sw = 1, data = 0001
Time =               208000, clk = 0, sw = 1, data = 0001
Time =               208000, clk = 1, sw = 1, data = 0001
Time =               209000, clk = 0, sw = 1, data = 0001
Time =               210000, clk = 1, sw = 1, data = 0001
Time =               210000, clk = 0, sw = 1, data = 0001
Time =               211000, clk = 1, sw = 1, data = 0001
Time =               211000, clk = 0, sw = 1, data = 0001
Time =               212000, clk = 1, sw = 1, data = 0001
Time =               212000, clk = 0, sw = 1, data = 0001
Time =               213000, clk = 1, sw = 1, data = 0001
Time =               214000, clk = 0, sw = 1, data = 0001
Time =               214000, clk = 1, sw = 1, data = 0001
Time =               215000, clk = 0, sw = 1, data = 0001
Time =               215000, clk = 1, sw = 1, data = 0001
Time =               216000, clk = 0, sw = 1, data = 0001
Time =               217000, clk = 1, sw = 1, data = 0001
Time =               217000, clk = 0, sw = 1, data = 0001
Time =               218000, clk = 1, sw = 1, data = 0001
Time =               218000, clk = 0, sw = 1, data = 0001
Time =               219000, clk = 1, sw = 1, data = 1000
Time =               220000, clk = 0, sw = 1, data = 1000
Time =               220000, clk = 1, sw = 1, data = 1000
Time =               221000, clk = 0, sw = 1, data = 1000
Time =               221000, clk = 1, sw = 1, data = 1000
Time =               222000, clk = 0, sw = 1, data = 1000
Time =               222000, clk = 1, sw = 1, data = 1000
Time =               223000, clk = 0, sw = 1, data = 1000
Time =               224000, clk = 1, sw = 1, data = 1000
Time =               224000, clk = 0, sw = 1, data = 1000
Time =               225000, clk = 1, sw = 1, data = 1000
Time =               225000, clk = 0, sw = 1, data = 1000
Time =               226000, clk = 1, sw = 1, data = 1000
Time =               227000, clk = 0, sw = 1, data = 1000
Time =               227000, clk = 1, sw = 1, data = 1000
Time =               228000, clk = 0, sw = 1, data = 1000
Time =               228000, clk = 1, sw = 1, data = 1000
Time =               229000, clk = 0, sw = 1, data = 1000
Time =               230000, clk = 1, sw = 1, data = 1000
Time =               230000, clk = 0, sw = 1, data = 1000
Time =               231000, clk = 1, sw = 1, data = 1000
Time =               231000, clk = 0, sw = 1, data = 1000
Time =               232000, clk = 1, sw = 1, data = 1000
Time =               232000, clk = 0, sw = 1, data = 1000
Time =               233000, clk = 1, sw = 1, data = 1000
Time =               234000, clk = 0, sw = 1, data = 1000
Time =               234000, clk = 1, sw = 1, data = 1000
Time =               235000, clk = 0, sw = 1, data = 1000
Time =               235000, clk = 1, sw = 1, data = 1000
Time =               236000, clk = 0, sw = 1, data = 1000
Time =               237000, clk = 1, sw = 1, data = 1000
Time =               237000, clk = 0, sw = 1, data = 1000
Time =               238000, clk = 1, sw = 1, data = 1000
Time =               238000, clk = 0, sw = 1, data = 1000
Time =               239000, clk = 1, sw = 1, data = 1000
Time =               239000, clk = 0, sw = 1, data = 1000
Time =               240000, clk = 1, sw = 1, data = 1000
Time =               241000, clk = 0, sw = 1, data = 1000
Time =               241000, clk = 1, sw = 1, data = 1000
Time =               242000, clk = 0, sw = 1, data = 1000
Time =               242000, clk = 1, sw = 1, data = 1000
Time =               243000, clk = 0, sw = 1, data = 1000
Time =               244000, clk = 1, sw = 1, data = 1000
Time =               244000, clk = 0, sw = 1, data = 1000
Time =               245000, clk = 1, sw = 1, data = 0100
Time =               245000, clk = 0, sw = 1, data = 0100
Time =               246000, clk = 1, sw = 1, data = 0100
Time =               247000, clk = 0, sw = 1, data = 0100
Time =               247000, clk = 1, sw = 1, data = 0100
Time =               248000, clk = 0, sw = 1, data = 0100
Time =               248000, clk = 1, sw = 1, data = 0100
Time =               249000, clk = 0, sw = 1, data = 0100
Time =               249000, clk = 1, sw = 1, data = 0100
Time =               250000, clk = 0, sw = 1, data = 0100
Time =               251000, clk = 1, sw = 1, data = 0100
Time =               251000, clk = 0, sw = 1, data = 0100
Time =               252000, clk = 1, sw = 1, data = 0100
Time =               252000, clk = 0, sw = 1, data = 0100
Time =               253000, clk = 1, sw = 1, data = 0100
Time =               254000, clk = 0, sw = 1, data = 0100
Time =               254000, clk = 1, sw = 1, data = 0100
Time =               255000, clk = 0, sw = 1, data = 0100
Time =               255000, clk = 1, sw = 1, data = 0100
Time =               256000, clk = 0, sw = 1, data = 0100
Time =               257000, clk = 1, sw = 1, data = 0100
Time =               257000, clk = 0, sw = 1, data = 0100
Time =               258000, clk = 1, sw = 1, data = 0100
Time =               258000, clk = 0, sw = 1, data = 0100
Time =               259000, clk = 1, sw = 1, data = 0100
Time =               259000, clk = 0, sw = 1, data = 0100
Time =               260000, clk = 1, sw = 1, data = 0100
Time =               261000, clk = 0, sw = 1, data = 0100
Time =               261000, clk = 1, sw = 1, data = 0100
Time =               262000, clk = 0, sw = 1, data = 0100
Time =               262000, clk = 1, sw = 1, data = 0100
Time =               263000, clk = 0, sw = 1, data = 0100
Time =               264000, clk = 1, sw = 1, data = 0100
Time =               264000, clk = 0, sw = 1, data = 0100
Time =               265000, clk = 1, sw = 1, data = 0100
Time =               265000, clk = 0, sw = 1, data = 0100
Time =               266000, clk = 1, sw = 1, data = 0100
Time =               266000, clk = 0, sw = 1, data = 0100
Time =               267000, clk = 1, sw = 1, data = 0100
Time =               268000, clk = 0, sw = 1, data = 0100
Time =               268000, clk = 1, sw = 1, data = 0100
Time =               269000, clk = 0, sw = 1, data = 0100
Time =               269000, clk = 1, sw = 1, data = 0100
Time =               270000, clk = 0, sw = 1, data = 0100
Time =               271000, clk = 1, sw = 1, data = 0010
Time =               271000, clk = 0, sw = 1, data = 0010
Time =               272000, clk = 1, sw = 1, data = 0010
Time =               272000, clk = 0, sw = 1, data = 0010
Time =               273000, clk = 1, sw = 1, data = 0010
Time =               274000, clk = 0, sw = 1, data = 0010
Time =               274000, clk = 1, sw = 1, data = 0010
Time =               275000, clk = 0, sw = 1, data = 0010
Time =               275000, clk = 1, sw = 1, data = 0010
Time =               276000, clk = 0, sw = 1, data = 0010
Time =               276000, clk = 1, sw = 1, data = 0010
Time =               277000, clk = 0, sw = 1, data = 0010
Time =               278000, clk = 1, sw = 1, data = 0010
Time =               278000, clk = 0, sw = 1, data = 0010
Time =               279000, clk = 1, sw = 1, data = 0010
Time =               279000, clk = 0, sw = 1, data = 0010
Time =               280000, clk = 1, sw = 1, data = 0010
Time =               281000, clk = 0, sw = 1, data = 0010
Time =               281000, clk = 1, sw = 1, data = 0010
Time =               282000, clk = 0, sw = 1, data = 0010
Time =               282000, clk = 1, sw = 1, data = 0010
Time =               283000, clk = 0, sw = 1, data = 0010
Time =               284000, clk = 1, sw = 1, data = 0010
Time =               284000, clk = 0, sw = 1, data = 0010
Time =               285000, clk = 1, sw = 1, data = 0010
Time =               285000, clk = 0, sw = 1, data = 0010
Time =               286000, clk = 1, sw = 1, data = 0010
Time =               286000, clk = 0, sw = 1, data = 0010
Time =               287000, clk = 1, sw = 1, data = 0010
Time =               288000, clk = 0, sw = 1, data = 0010
Time =               288000, clk = 1, sw = 1, data = 0010
Time =               289000, clk = 0, sw = 1, data = 0010
Time =               289000, clk = 1, sw = 1, data = 0010
Time =               290000, clk = 0, sw = 1, data = 0010
Time =               291000, clk = 1, sw = 1, data = 0010
Time =               291000, clk = 0, sw = 1, data = 0010
Time =               292000, clk = 1, sw = 1, data = 0010
Time =               292000, clk = 0, sw = 1, data = 0010
Time =               293000, clk = 1, sw = 1, data = 0010
Time =               294000, clk = 0, sw = 1, data = 0010
Time =               294000, clk = 1, sw = 1, data = 0010
Time =               295000, clk = 0, sw = 1, data = 0010
Time =               295000, clk = 1, sw = 1, data = 0010
Time =               296000, clk = 0, sw = 1, data = 0010
Time =               296000, clk = 1, sw = 1, data = 0001
Time =               297000, clk = 0, sw = 1, data = 0001
Time =               298000, clk = 1, sw = 1, data = 0001
Time =               298000, clk = 0, sw = 1, data = 0001
Time =               299000, clk = 1, sw = 1, data = 0001
Time =               299000, clk = 0, sw = 1, data = 0001
Time =               300000, clk = 1, sw = 1, data = 0001
Time =               301000, clk = 0, sw = 1, data = 0001
Time =               301000, clk = 1, sw = 1, data = 0001
Time =               302000, clk = 0, sw = 1, data = 0001
Time =               302000, clk = 1, sw = 1, data = 0001
Time =               303000, clk = 0, sw = 1, data = 0001
Time =               303000, clk = 1, sw = 1, data = 0001
Time =               304000, clk = 0, sw = 1, data = 0001
Time =               305000, clk = 1, sw = 1, data = 0001
Time =               305000, clk = 0, sw = 1, data = 0001
Time =               306000, clk = 1, sw = 1, data = 0001
Time =               306000, clk = 0, sw = 1, data = 0001
Time =               307000, clk = 1, sw = 1, data = 0001
Time =               308000, clk = 0, sw = 1, data = 0001
Time =               308000, clk = 1, sw = 1, data = 0001
Time =               309000, clk = 0, sw = 1, data = 0001
Time =               309000, clk = 1, sw = 1, data = 0001
Time =               310000, clk = 0, sw = 1, data = 0001
Time =               311000, clk = 1, sw = 1, data = 0001
Time =               311000, clk = 0, sw = 1, data = 0001
Time =               312000, clk = 1, sw = 1, data = 0001
Time =               312000, clk = 0, sw = 1, data = 0001
Time =               313000, clk = 1, sw = 1, data = 0001
Time =               313000, clk = 0, sw = 1, data = 0001
Time =               314000, clk = 1, sw = 1, data = 0001
Time =               315000, clk = 0, sw = 1, data = 0001
Time =               315000, clk = 1, sw = 1, data = 0001
Time =               316000, clk = 0, sw = 1, data = 0001
Time =               316000, clk = 1, sw = 1, data = 0001
Time =               317000, clk = 0, sw = 1, data = 0001
Time =               318000, clk = 1, sw = 1, data = 0001
Time =               318000, clk = 0, sw = 1, data = 0001
Time =               319000, clk = 1, sw = 1, data = 0001
Time =               319000, clk = 0, sw = 1, data = 0001
Time =               320000, clk = 1, sw = 1, data = 0001
Time =               321000, clk = 0, sw = 1, data = 0001
Time =               321000, clk = 1, sw = 1, data = 0001
Time =               322000, clk = 0, sw = 1, data = 0001
Time =               322000, clk = 1, sw = 1, data = 1000
Time =               323000, clk = 0, sw = 1, data = 1000
Time =               323000, clk = 1, sw = 1, data = 1000
Time =               324000, clk = 0, sw = 1, data = 1000
Time =               325000, clk = 1, sw = 1, data = 1000
Time =               325000, clk = 0, sw = 1, data = 1000
Time =               326000, clk = 1, sw = 1, data = 1000
Time =               326000, clk = 0, sw = 1, data = 1000
Time =               327000, clk = 1, sw = 1, data = 1000
Time =               328000, clk = 0, sw = 1, data = 1000
Time =               328000, clk = 1, sw = 1, data = 1000
Time =               329000, clk = 0, sw = 1, data = 1000
Time =               329000, clk = 1, sw = 1, data = 1000
Time =               330000, clk = 0, sw = 1, data = 1000
Time =               330000, clk = 1, sw = 1, data = 1000
Time =               331000, clk = 0, sw = 1, data = 1000
Time =               332000, clk = 1, sw = 1, data = 1000
Time =               332000, clk = 0, sw = 1, data = 1000
Time =               333000, clk = 1, sw = 1, data = 1000
Time =               333000, clk = 0, sw = 1, data = 1000
Time =               334000, clk = 1, sw = 1, data = 1000
Time =               335000, clk = 0, sw = 1, data = 1000
Time =               335000, clk = 1, sw = 1, data = 1000
Time =               336000, clk = 0, sw = 1, data = 1000
Time =               336000, clk = 1, sw = 1, data = 1000
Time =               337000, clk = 0, sw = 1, data = 1000
Time =               338000, clk = 1, sw = 1, data = 1000
Time =               338000, clk = 0, sw = 1, data = 1000
Time =               339000, clk = 1, sw = 1, data = 1000
Time =               339000, clk = 0, sw = 1, data = 1000
Time =               340000, clk = 1, sw = 1, data = 1000
Time =               340000, clk = 0, sw = 1, data = 1000
Time =               341000, clk = 1, sw = 1, data = 1000
Time =               342000, clk = 0, sw = 1, data = 1000
Time =               342000, clk = 1, sw = 1, data = 1000
Time =               343000, clk = 0, sw = 1, data = 1000
Time =               343000, clk = 1, sw = 1, data = 1000
Time =               344000, clk = 0, sw = 1, data = 1000
Time =               345000, clk = 1, sw = 1, data = 1000
Time =               345000, clk = 0, sw = 1, data = 1000
Time =               346000, clk = 1, sw = 1, data = 1000
Time =               346000, clk = 0, sw = 1, data = 1000
Time =               347000, clk = 1, sw = 1, data = 1000
Time =               348000, clk = 0, sw = 1, data = 1000
Time =               348000, clk = 1, sw = 1, data = 0100
Time =               349000, clk = 0, sw = 1, data = 0100
Time =               349000, clk = 1, sw = 1, data = 0100
Time =               350000, clk = 0, sw = 1, data = 0100
Time =               350000, clk = 1, sw = 1, data = 0100
Time =               351000, clk = 0, sw = 1, data = 0100
Time =               352000, clk = 1, sw = 1, data = 0100
Time =               352000, clk = 0, sw = 1, data = 0100
Time =               353000, clk = 1, sw = 1, data = 0100
Time =               353000, clk = 0, sw = 1, data = 0100
Time =               354000, clk = 1, sw = 1, data = 0100
Time =               355000, clk = 0, sw = 1, data = 0100
Time =               355000, clk = 1, sw = 1, data = 0100
Time =               356000, clk = 0, sw = 1, data = 0100
Time =               356000, clk = 1, sw = 1, data = 0100
Time =               357000, clk = 0, sw = 1, data = 0100
Time =               357000, clk = 1, sw = 1, data = 0100
Time =               358000, clk = 0, sw = 1, data = 0100
Time =               359000, clk = 1, sw = 1, data = 0100
Time =               359000, clk = 0, sw = 1, data = 0100
Time =               360000, clk = 1, sw = 1, data = 0100
Time =               360000, clk = 0, sw = 1, data = 0100
Time =               361000, clk = 1, sw = 1, data = 0100
Time =               362000, clk = 0, sw = 1, data = 0100
Time =               362000, clk = 1, sw = 1, data = 0100
Time =               363000, clk = 0, sw = 1, data = 0100
Time =               363000, clk = 1, sw = 1, data = 0100
Time =               364000, clk = 0, sw = 1, data = 0100
Time =               365000, clk = 1, sw = 1, data = 0100
Time =               365000, clk = 0, sw = 1, data = 0100
Time =               366000, clk = 1, sw = 1, data = 0100
Time =               366000, clk = 0, sw = 1, data = 0100
Time =               367000, clk = 1, sw = 1, data = 0100
Time =               367000, clk = 0, sw = 1, data = 0100
Time =               368000, clk = 1, sw = 1, data = 0100
Time =               369000, clk = 0, sw = 1, data = 0100
Time =               369000, clk = 1, sw = 1, data = 0100
Time =               370000, clk = 0, sw = 1, data = 0100
Time =               370000, clk = 1, sw = 1, data = 0100
Time =               371000, clk = 0, sw = 1, data = 0100
Time =               372000, clk = 1, sw = 1, data = 0100
Time =               372000, clk = 0, sw = 1, data = 0100
Time =               373000, clk = 1, sw = 1, data = 0100
Time =               373000, clk = 0, sw = 1, data = 0100
Time =               374000, clk = 1, sw = 1, data = 0010
Time =               375000, clk = 0, sw = 1, data = 0010
Time =               375000, clk = 1, sw = 1, data = 0010
Time =               376000, clk = 0, sw = 1, data = 0010
Time =               376000, clk = 1, sw = 1, data = 0010
Time =               377000, clk = 0, sw = 1, data = 0010
Time =               377000, clk = 1, sw = 1, data = 0010
Time =               378000, clk = 0, sw = 1, data = 0010
Time =               379000, clk = 1, sw = 1, data = 0010
Time =               379000, clk = 0, sw = 1, data = 0010
Time =               380000, clk = 1, sw = 1, data = 0010
Time =               380000, clk = 0, sw = 1, data = 0010
Time =               381000, clk = 1, sw = 1, data = 0010
Time =               382000, clk = 0, sw = 1, data = 0010
Time =               382000, clk = 1, sw = 1, data = 0010
Time =               383000, clk = 0, sw = 1, data = 0010
Time =               383000, clk = 1, sw = 1, data = 0010
Time =               384000, clk = 0, sw = 1, data = 0010
Time =               384000, clk = 1, sw = 1, data = 0010
Time =               385000, clk = 0, sw = 1, data = 0010
Time =               386000, clk = 1, sw = 1, data = 0010
Time =               386000, clk = 0, sw = 1, data = 0010
Time =               387000, clk = 1, sw = 1, data = 0010
Time =               387000, clk = 0, sw = 1, data = 0010
Time =               388000, clk = 1, sw = 1, data = 0010
Time =               389000, clk = 0, sw = 1, data = 0010
Time =               389000, clk = 1, sw = 1, data = 0010
Time =               390000, clk = 0, sw = 1, data = 0010
Time =               390000, clk = 1, sw = 1, data = 0010
Time =               391000, clk = 0, sw = 1, data = 0010
Time =               392000, clk = 1, sw = 1, data = 0010
Time =               392000, clk = 0, sw = 1, data = 0010
Time =               393000, clk = 1, sw = 1, data = 0010
Time =               393000, clk = 0, sw = 1, data = 0010
Time =               394000, clk = 1, sw = 1, data = 0010
Time =               394000, clk = 0, sw = 1, data = 0010
Time =               395000, clk = 1, sw = 1, data = 0010
Time =               396000, clk = 0, sw = 1, data = 0010
Time =               396000, clk = 1, sw = 1, data = 0010
Time =               397000, clk = 0, sw = 1, data = 0010
Time =               397000, clk = 1, sw = 1, data = 0010
Time =               398000, clk = 0, sw = 1, data = 0010
Time =               399000, clk = 1, sw = 1, data = 0010
Time =               399000, clk = 0, sw = 1, data = 0010
Time =               400000, clk = 1, sw = 1, data = 0001
Time =               400000, clk = 0, sw = 1, data = 0001
Time =               401000, clk = 1, sw = 1, data = 0001
Time =               402000, clk = 0, sw = 1, data = 0001
Time =               402000, clk = 1, sw = 1, data = 0001
Time =               403000, clk = 0, sw = 1, data = 0001
Time =               403000, clk = 1, sw = 1, data = 0001
Time =               404000, clk = 0, sw = 1, data = 0001
Time =               404000, clk = 1, sw = 1, data = 0001
Time =               405000, clk = 0, sw = 1, data = 0001
Time =               406000, clk = 1, sw = 1, data = 0001
Time =               406000, clk = 0, sw = 1, data = 0001
Time =               407000, clk = 1, sw = 1, data = 0001
Time =               407000, clk = 0, sw = 1, data = 0001
Time =               408000, clk = 1, sw = 1, data = 0001
Time =               409000, clk = 0, sw = 1, data = 0001
Time =               409000, clk = 1, sw = 1, data = 0001
Time =               410000, clk = 0, sw = 1, data = 0001
Time =               410000, clk = 1, sw = 1, data = 0001
Time =               411000, clk = 0, sw = 1, data = 0001
Time =               411000, clk = 1, sw = 1, data = 0001
Time =               412000, clk = 0, sw = 1, data = 0001
Time =               413000, clk = 1, sw = 1, data = 0001
Time =               413000, clk = 0, sw = 1, data = 0001
Time =               414000, clk = 1, sw = 1, data = 0001
Time =               414000, clk = 0, sw = 1, data = 0001
Time =               415000, clk = 1, sw = 1, data = 0001
Time =               416000, clk = 0, sw = 1, data = 0001
Time =               416000, clk = 1, sw = 1, data = 0001
Time =               417000, clk = 0, sw = 1, data = 0001
Time =               417000, clk = 1, sw = 1, data = 0001
Time =               418000, clk = 0, sw = 1, data = 0001
Time =               419000, clk = 1, sw = 1, data = 0001
Time =               419000, clk = 0, sw = 1, data = 0001
Time =               420000, clk = 1, sw = 1, data = 0001
Time =               420000, clk = 0, sw = 1, data = 0001
Time =               421000, clk = 1, sw = 1, data = 0001
Time =               421000, clk = 0, sw = 1, data = 0001
Time =               422000, clk = 1, sw = 1, data = 0001
Time =               423000, clk = 0, sw = 1, data = 0001
Time =               423000, clk = 1, sw = 1, data = 0001
Time =               424000, clk = 0, sw = 1, data = 0001
Time =               424000, clk = 1, sw = 1, data = 0001
Time =               425000, clk = 0, sw = 1, data = 0001
Time =               426000, clk = 1, sw = 1, data = 1000
Time =               426000, clk = 0, sw = 1, data = 1000
Time =               427000, clk = 1, sw = 1, data = 1000
Time =               427000, clk = 0, sw = 1, data = 1000
Time =               428000, clk = 1, sw = 1, data = 1000
Time =               429000, clk = 0, sw = 1, data = 1000
Time =               429000, clk = 1, sw = 1, data = 1000
Time =               430000, clk = 0, sw = 1, data = 1000
Time =               430000, clk = 1, sw = 1, data = 1000
Time =               431000, clk = 0, sw = 1, data = 1000
Time =               431000, clk = 1, sw = 1, data = 1000
Time =               432000, clk = 0, sw = 1, data = 1000
Time =               433000, clk = 1, sw = 1, data = 1000
Time =               433000, clk = 0, sw = 1, data = 1000
Time =               434000, clk = 1, sw = 1, data = 1000
Time =               434000, clk = 0, sw = 1, data = 1000
Time =               435000, clk = 1, sw = 1, data = 1000
Time =               436000, clk = 0, sw = 1, data = 1000
Time =               436000, clk = 1, sw = 1, data = 1000
Time =               437000, clk = 0, sw = 1, data = 1000
Time =               437000, clk = 1, sw = 1, data = 1000
Time =               438000, clk = 0, sw = 1, data = 1000
Time =               438000, clk = 1, sw = 1, data = 1000
Time =               439000, clk = 0, sw = 1, data = 1000
Time =               440000, clk = 1, sw = 1, data = 1000
Time =               440000, clk = 0, sw = 1, data = 1000
Time =               441000, clk = 1, sw = 1, data = 1000
Time =               441000, clk = 0, sw = 1, data = 1000
Time =               442000, clk = 1, sw = 1, data = 1000
Time =               443000, clk = 0, sw = 1, data = 1000
Time =               443000, clk = 1, sw = 1, data = 1000
Time =               444000, clk = 0, sw = 1, data = 1000
Time =               444000, clk = 1, sw = 1, data = 1000
Time =               445000, clk = 0, sw = 1, data = 1000
Time =               446000, clk = 1, sw = 1, data = 1000
Time =               446000, clk = 0, sw = 1, data = 1000
Time =               447000, clk = 1, sw = 1, data = 1000
Time =               447000, clk = 0, sw = 1, data = 1000
Time =               448000, clk = 1, sw = 1, data = 1000
Time =               448000, clk = 0, sw = 1, data = 1000
Time =               449000, clk = 1, sw = 1, data = 1000
Time =               450000, clk = 0, sw = 1, data = 1000
Time =               450000, clk = 1, sw = 1, data = 1000
Time =               451000, clk = 0, sw = 1, data = 1000
Time =               451000, clk = 1, sw = 1, data = 0100
Time =               452000, clk = 0, sw = 1, data = 0100
Time =               453000, clk = 1, sw = 1, data = 0100
Time =               453000, clk = 0, sw = 1, data = 0100
Time =               454000, clk = 1, sw = 1, data = 0100
Time =               454000, clk = 0, sw = 1, data = 0100
Time =               455000, clk = 1, sw = 1, data = 0100
Time =               456000, clk = 0, sw = 1, data = 0100
Time =               456000, clk = 1, sw = 1, data = 0100
Time =               457000, clk = 0, sw = 1, data = 0100
Time =               457000, clk = 1, sw = 1, data = 0100
Time =               458000, clk = 0, sw = 1, data = 0100
Time =               458000, clk = 1, sw = 1, data = 0100
Time =               459000, clk = 0, sw = 1, data = 0100
Time =               460000, clk = 1, sw = 1, data = 0100
Time =               460000, clk = 0, sw = 1, data = 0100
Time =               461000, clk = 1, sw = 1, data = 0100
Time =               461000, clk = 0, sw = 1, data = 0100
Time =               462000, clk = 1, sw = 1, data = 0100
Time =               463000, clk = 0, sw = 1, data = 0100
Time =               463000, clk = 1, sw = 1, data = 0100
Time =               464000, clk = 0, sw = 1, data = 0100
Time =               464000, clk = 1, sw = 1, data = 0100
Time =               465000, clk = 0, sw = 1, data = 0100
Time =               465000, clk = 1, sw = 1, data = 0100
Time =               466000, clk = 0, sw = 1, data = 0100
Time =               467000, clk = 1, sw = 1, data = 0100
Time =               467000, clk = 0, sw = 1, data = 0100
Time =               468000, clk = 1, sw = 1, data = 0100
Time =               468000, clk = 0, sw = 1, data = 0100
Time =               469000, clk = 1, sw = 1, data = 0100
Time =               470000, clk = 0, sw = 1, data = 0100
Time =               470000, clk = 1, sw = 1, data = 0100
Time =               471000, clk = 0, sw = 1, data = 0100
Time =               471000, clk = 1, sw = 1, data = 0100
Time =               472000, clk = 0, sw = 1, data = 0100
Time =               473000, clk = 1, sw = 1, data = 0100
Time =               473000, clk = 0, sw = 1, data = 0100
Time =               474000, clk = 1, sw = 1, data = 0100
Time =               474000, clk = 0, sw = 1, data = 0100
Time =               475000, clk = 1, sw = 1, data = 0100
Time =               475000, clk = 0, sw = 1, data = 0100
Time =               476000, clk = 1, sw = 1, data = 0100
Time =               477000, clk = 0, sw = 1, data = 0100
Time =               477000, clk = 1, sw = 1, data = 0010
Time =               478000, clk = 0, sw = 1, data = 0010
Time =               478000, clk = 1, sw = 1, data = 0010
Time =               479000, clk = 0, sw = 1, data = 0010
Time =               480000, clk = 1, sw = 1, data = 0010
Time =               480000, clk = 0, sw = 1, data = 0010
Time =               481000, clk = 1, sw = 1, data = 0010
Time =               481000, clk = 0, sw = 1, data = 0010
Time =               482000, clk = 1, sw = 1, data = 0010
Time =               483000, clk = 0, sw = 1, data = 0010
Time =               483000, clk = 1, sw = 1, data = 0010
Time =               484000, clk = 0, sw = 1, data = 0010
Time =               484000, clk = 1, sw = 1, data = 0010
Time =               485000, clk = 0, sw = 1, data = 0010
Time =               485000, clk = 1, sw = 1, data = 0010
Time =               486000, clk = 0, sw = 1, data = 0010
Time =               487000, clk = 1, sw = 1, data = 0010
Time =               487000, clk = 0, sw = 1, data = 0010
Time =               488000, clk = 1, sw = 1, data = 0010
Time =               488000, clk = 0, sw = 1, data = 0010
Time =               489000, clk = 1, sw = 1, data = 0010
Time =               490000, clk = 0, sw = 1, data = 0010
Time =               490000, clk = 1, sw = 1, data = 0010
Time =               491000, clk = 0, sw = 1, data = 0010
Time =               491000, clk = 1, sw = 1, data = 0010
Time =               492000, clk = 0, sw = 1, data = 0010
Time =               492000, clk = 1, sw = 1, data = 0010
Time =               493000, clk = 0, sw = 1, data = 0010
Time =               494000, clk = 1, sw = 1, data = 0010
Time =               494000, clk = 0, sw = 1, data = 0010
Time =               495000, clk = 1, sw = 1, data = 0010
Time =               495000, clk = 0, sw = 1, data = 0010
Time =               496000, clk = 1, sw = 1, data = 0010
Time =               497000, clk = 0, sw = 1, data = 0010
Time =               497000, clk = 1, sw = 1, data = 0010
Time =               498000, clk = 0, sw = 1, data = 0010
Time =               498000, clk = 1, sw = 1, data = 0010
Time =               499000, clk = 0, sw = 1, data = 0010
Time =               500000, clk = 1, sw = 1, data = 0010
Time =               500000, clk = 0, sw = 1, data = 0010
Time =               501000, clk = 1, sw = 1, data = 0010
Time =               501000, clk = 0, sw = 1, data = 0010
Time =               502000, clk = 1, sw = 1, data = 0010
Time =               502000, clk = 0, sw = 1, data = 0010
Time =               503000, clk = 1, sw = 1, data = 0001
Time =               504000, clk = 0, sw = 1, data = 0001
Time =               504000, clk = 1, sw = 1, data = 0001
Time =               505000, clk = 0, sw = 1, data = 0001
Time =               505000, clk = 1, sw = 1, data = 0001
Time =               506000, clk = 0, sw = 1, data = 0001
Time =               507000, clk = 1, sw = 1, data = 0001
Time =               507000, clk = 0, sw = 1, data = 0001
Time =               508000, clk = 1, sw = 1, data = 0001
Time =               508000, clk = 0, sw = 1, data = 0001
Time =               509000, clk = 1, sw = 1, data = 0001
Time =               510000, clk = 0, sw = 1, data = 0001
Time =               510000, clk = 1, sw = 1, data = 0001
Time =               511000, clk = 0, sw = 1, data = 0001
Time =               511000, clk = 1, sw = 1, data = 0001
Time =               512000, clk = 0, sw = 1, data = 0001
Time =               512000, clk = 1, sw = 1, data = 0001
Time =               513000, clk = 0, sw = 1, data = 0001
Time =               514000, clk = 1, sw = 1, data = 0001
Time =               514000, clk = 0, sw = 1, data = 0001
Time =               515000, clk = 1, sw = 1, data = 0001
Time =               515000, clk = 0, sw = 1, data = 0001
Time =               516000, clk = 1, sw = 1, data = 0001
Time =               517000, clk = 0, sw = 1, data = 0001
Time =               517000, clk = 1, sw = 1, data = 0001
Time =               518000, clk = 0, sw = 1, data = 0001
Time =               518000, clk = 1, sw = 1, data = 0001
Time =               519000, clk = 0, sw = 1, data = 0001
Time =               519000, clk = 1, sw = 1, data = 0001
Time =               520000, clk = 0, sw = 1, data = 0001
Time =               521000, clk = 1, sw = 1, data = 0001
Time =               521000, clk = 0, sw = 1, data = 0001
Time =               522000, clk = 1, sw = 1, data = 0001
Time =               522000, clk = 0, sw = 1, data = 0001
Time =               523000, clk = 1, sw = 1, data = 0001
Time =               524000, clk = 0, sw = 1, data = 0001
Time =               524000, clk = 1, sw = 1, data = 0001
Time =               525000, clk = 0, sw = 1, data = 0001
Time =               525000, clk = 1, sw = 1, data = 0001
Time =               526000, clk = 0, sw = 1, data = 0001
Time =               527000, clk = 1, sw = 1, data = 0001
Time =               527000, clk = 0, sw = 1, data = 0001
Time =               528000, clk = 1, sw = 1, data = 0001
Time =               528000, clk = 0, sw = 1, data = 0001
Time =               529000, clk = 1, sw = 1, data = 1000
Time =               529000, clk = 0, sw = 1, data = 1000
Time =               530000, clk = 1, sw = 1, data = 1000
Time =               531000, clk = 0, sw = 1, data = 1000
Time =               531000, clk = 1, sw = 1, data = 1000
Time =               532000, clk = 0, sw = 1, data = 1000
Time =               532000, clk = 1, sw = 1, data = 1000
Time =               533000, clk = 0, sw = 1, data = 1000
Time =               534000, clk = 1, sw = 1, data = 1000
Time =               534000, clk = 0, sw = 1, data = 1000
Time =               535000, clk = 1, sw = 1, data = 1000
Time =               535000, clk = 0, sw = 1, data = 1000
Time =               536000, clk = 1, sw = 1, data = 1000
Time =               537000, clk = 0, sw = 1, data = 1000
Time =               537000, clk = 1, sw = 1, data = 1000
Time =               538000, clk = 0, sw = 1, data = 1000
Time =               538000, clk = 1, sw = 1, data = 1000
Time =               539000, clk = 0, sw = 1, data = 1000
Time =               539000, clk = 1, sw = 1, data = 1000
Time =               540000, clk = 0, sw = 1, data = 1000
Time =               541000, clk = 1, sw = 1, data = 1000
Time =               541000, clk = 0, sw = 1, data = 1000
Time =               542000, clk = 1, sw = 1, data = 1000
Time =               542000, clk = 0, sw = 1, data = 1000
Time =               543000, clk = 1, sw = 1, data = 1000
Time =               544000, clk = 0, sw = 1, data = 1000
Time =               544000, clk = 1, sw = 1, data = 1000
Time =               545000, clk = 0, sw = 1, data = 1000
Time =               545000, clk = 1, sw = 1, data = 1000
Time =               546000, clk = 0, sw = 1, data = 1000
Time =               546000, clk = 1, sw = 1, data = 1000
Time =               547000, clk = 0, sw = 1, data = 1000
Time =               548000, clk = 1, sw = 1, data = 1000
Time =               548000, clk = 0, sw = 1, data = 1000
Time =               549000, clk = 1, sw = 1, data = 1000
Time =               549000, clk = 0, sw = 1, data = 1000
Time =               550000, clk = 1, sw = 1, data = 1000
Time =               551000, clk = 0, sw = 1, data = 1000
Time =               551000, clk = 1, sw = 1, data = 1000
Time =               552000, clk = 0, sw = 1, data = 1000
Time =               552000, clk = 1, sw = 1, data = 1000
Time =               553000, clk = 0, sw = 1, data = 1000
Time =               554000, clk = 1, sw = 1, data = 1000
Time =               554000, clk = 0, sw = 1, data = 1000
Time =               555000, clk = 1, sw = 1, data = 0100
Time =               555000, clk = 0, sw = 1, data = 0100
Time =               556000, clk = 1, sw = 1, data = 0100
Time =               556000, clk = 0, sw = 1, data = 0100
Time =               557000, clk = 1, sw = 1, data = 0100
Time =               558000, clk = 0, sw = 1, data = 0100
Time =               558000, clk = 1, sw = 1, data = 0100
Time =               559000, clk = 0, sw = 1, data = 0100
Time =               559000, clk = 1, sw = 1, data = 0100
Time =               560000, clk = 0, sw = 1, data = 0100
Time =               561000, clk = 1, sw = 1, data = 0100
Time =               561000, clk = 0, sw = 1, data = 0100
Time =               562000, clk = 1, sw = 1, data = 0100
Time =               562000, clk = 0, sw = 1, data = 0100
Time =               563000, clk = 1, sw = 1, data = 0100
Time =               564000, clk = 0, sw = 1, data = 0100
Time =               564000, clk = 1, sw = 1, data = 0100
Time =               565000, clk = 0, sw = 1, data = 0100
Time =               565000, clk = 1, sw = 1, data = 0100
Time =               566000, clk = 0, sw = 1, data = 0100
Time =               566000, clk = 1, sw = 1, data = 0100
Time =               567000, clk = 0, sw = 1, data = 0100
Time =               568000, clk = 1, sw = 1, data = 0100
Time =               568000, clk = 0, sw = 1, data = 0100
Time =               569000, clk = 1, sw = 1, data = 0100
Time =               569000, clk = 0, sw = 1, data = 0100
Time =               570000, clk = 1, sw = 1, data = 0100
Time =               571000, clk = 0, sw = 1, data = 0100
Time =               571000, clk = 1, sw = 1, data = 0100
Time =               572000, clk = 0, sw = 1, data = 0100
Time =               572000, clk = 1, sw = 1, data = 0100
Time =               573000, clk = 0, sw = 1, data = 0100
Time =               573000, clk = 1, sw = 1, data = 0100
Time =               574000, clk = 0, sw = 1, data = 0100
Time =               575000, clk = 1, sw = 1, data = 0100
Time =               575000, clk = 0, sw = 1, data = 0100
Time =               576000, clk = 1, sw = 1, data = 0100
Time =               576000, clk = 0, sw = 1, data = 0100
Time =               577000, clk = 1, sw = 1, data = 0100
Time =               578000, clk = 0, sw = 1, data = 0100
Time =               578000, clk = 1, sw = 1, data = 0100
Time =               579000, clk = 0, sw = 1, data = 0100
Time =               579000, clk = 1, sw = 1, data = 0100
Time =               580000, clk = 0, sw = 1, data = 0100
Time =               581000, clk = 1, sw = 1, data = 0010
Time =               581000, clk = 0, sw = 1, data = 0010
Time =               582000, clk = 1, sw = 1, data = 0010
Time =               582000, clk = 0, sw = 1, data = 0010
Time =               583000, clk = 1, sw = 1, data = 0010
Time =               583000, clk = 0, sw = 1, data = 0010
Time =               584000, clk = 1, sw = 1, data = 0010
Time =               585000, clk = 0, sw = 1, data = 0010
Time =               585000, clk = 1, sw = 1, data = 0010
Time =               586000, clk = 0, sw = 1, data = 0010
Time =               586000, clk = 1, sw = 1, data = 0010
Time =               587000, clk = 0, sw = 1, data = 0010
Time =               588000, clk = 1, sw = 1, data = 0010
Time =               588000, clk = 0, sw = 1, data = 0010
Time =               589000, clk = 1, sw = 1, data = 0010
Time =               589000, clk = 0, sw = 1, data = 0010
Time =               590000, clk = 1, sw = 1, data = 0010
Time =               591000, clk = 0, sw = 1, data = 0010
Time =               591000, clk = 1, sw = 1, data = 0010
Time =               592000, clk = 0, sw = 1, data = 0010
Time =               592000, clk = 1, sw = 1, data = 0010
Time =               593000, clk = 0, sw = 1, data = 0010
Time =               593000, clk = 1, sw = 1, data = 0010
Time =               594000, clk = 0, sw = 1, data = 0010
Time =               595000, clk = 1, sw = 1, data = 0010
Time =               595000, clk = 0, sw = 1, data = 0010
Time =               596000, clk = 1, sw = 1, data = 0010
Time =               596000, clk = 0, sw = 1, data = 0010
Time =               597000, clk = 1, sw = 1, data = 0010
Time =               598000, clk = 0, sw = 1, data = 0010
Time =               598000, clk = 1, sw = 1, data = 0010
Time =               599000, clk = 0, sw = 1, data = 0010
Time =               599000, clk = 1, sw = 1, data = 0010
Time =               600000, clk = 0, sw = 1, data = 0010
Time =               601000, clk = 1, sw = 1, data = 0010
Time =               601000, clk = 0, sw = 1, data = 0010
Time =               602000, clk = 1, sw = 1, data = 0010
Time =               602000, clk = 0, sw = 1, data = 0010
Time =               603000, clk = 1, sw = 1, data = 0010
Time =               603000, clk = 0, sw = 1, data = 0010
Time =               604000, clk = 1, sw = 1, data = 0010
Time =               605000, clk = 0, sw = 1, data = 0010
Time =               605000, clk = 1, sw = 1, data = 0010
Time =               606000, clk = 0, sw = 1, data = 0010
Time =               606000, clk = 1, sw = 1, data = 0001
Time =               607000, clk = 0, sw = 1, data = 0001
Time =               608000, clk = 1, sw = 1, data = 0001
Time =               608000, clk = 0, sw = 1, data = 0001
Time =               609000, clk = 1, sw = 1, data = 0001
Time =               609000, clk = 0, sw = 1, data = 0001
Time =               610000, clk = 1, sw = 1, data = 0001
Time =               610000, clk = 0, sw = 1, data = 0001
Time =               611000, clk = 1, sw = 1, data = 0001
Time =               612000, clk = 0, sw = 1, data = 0001
Time =               612000, clk = 1, sw = 1, data = 0001
Time =               613000, clk = 0, sw = 1, data = 0001
Time =               613000, clk = 1, sw = 1, data = 0001
Time =               614000, clk = 0, sw = 1, data = 0001
Time =               615000, clk = 1, sw = 1, data = 0001
Time =               615000, clk = 0, sw = 1, data = 0001
Time =               616000, clk = 1, sw = 1, data = 0001
Time =               616000, clk = 0, sw = 1, data = 0001
Time =               617000, clk = 1, sw = 1, data = 0001
Time =               618000, clk = 0, sw = 1, data = 0001
Time =               618000, clk = 1, sw = 1, data = 0001
Time =               619000, clk = 0, sw = 1, data = 0001
Time =               619000, clk = 1, sw = 1, data = 0001
Time =               620000, clk = 0, sw = 1, data = 0001
Time =               620000, clk = 1, sw = 1, data = 0001
Time =               621000, clk = 0, sw = 1, data = 0001
Time =               622000, clk = 1, sw = 1, data = 0001
Time =               622000, clk = 0, sw = 1, data = 0001
Time =               623000, clk = 1, sw = 1, data = 0001
Time =               623000, clk = 0, sw = 1, data = 0001
Time =               624000, clk = 1, sw = 1, data = 0001
Time =               625000, clk = 0, sw = 1, data = 0001
Time =               625000, clk = 1, sw = 1, data = 0001
Time =               626000, clk = 0, sw = 1, data = 0001
Time =               626000, clk = 1, sw = 1, data = 0001
Time =               627000, clk = 0, sw = 1, data = 0001
Time =               628000, clk = 1, sw = 1, data = 0001
Time =               628000, clk = 0, sw = 1, data = 0001
Time =               629000, clk = 1, sw = 1, data = 0001
Time =               629000, clk = 0, sw = 1, data = 0001
Time =               630000, clk = 1, sw = 1, data = 0001
Time =               630000, clk = 0, sw = 1, data = 0001
Time =               631000, clk = 1, sw = 1, data = 0001
Time =               632000, clk = 0, sw = 1, data = 0001
Time =               632000, clk = 1, sw = 1, data = 1000
Time =               633000, clk = 0, sw = 1, data = 1000
Time =               633000, clk = 1, sw = 1, data = 1000
Time =               634000, clk = 0, sw = 1, data = 1000
Time =               635000, clk = 1, sw = 1, data = 1000
Time =               635000, clk = 0, sw = 1, data = 1000
Time =               636000, clk = 1, sw = 1, data = 1000
Time =               636000, clk = 0, sw = 1, data = 1000
Time =               637000, clk = 1, sw = 1, data = 1000
Time =               637000, clk = 0, sw = 1, data = 1000
Time =               638000, clk = 1, sw = 1, data = 1000
Time =               639000, clk = 0, sw = 1, data = 1000
Time =               639000, clk = 1, sw = 1, data = 1000
Time =               640000, clk = 0, sw = 1, data = 1000
Time =               640000, clk = 1, sw = 1, data = 1000
Time =               641000, clk = 0, sw = 1, data = 1000
Time =               642000, clk = 1, sw = 1, data = 1000
Time =               642000, clk = 0, sw = 1, data = 1000
Time =               643000, clk = 1, sw = 1, data = 1000
Time =               643000, clk = 0, sw = 1, data = 1000
Time =               644000, clk = 1, sw = 1, data = 1000
Time =               645000, clk = 0, sw = 1, data = 1000
Time =               645000, clk = 1, sw = 1, data = 1000
Time =               646000, clk = 0, sw = 1, data = 1000
Time =               646000, clk = 1, sw = 1, data = 1000
Time =               647000, clk = 0, sw = 1, data = 1000
Time =               647000, clk = 1, sw = 1, data = 1000
Time =               648000, clk = 0, sw = 1, data = 1000
Time =               649000, clk = 1, sw = 1, data = 1000
Time =               649000, clk = 0, sw = 1, data = 1000
Time =               650000, clk = 1, sw = 1, data = 1000
Time =               650000, clk = 0, sw = 1, data = 1000
Time =               651000, clk = 1, sw = 1, data = 1000
Time =               652000, clk = 0, sw = 1, data = 1000
Time =               652000, clk = 1, sw = 1, data = 1000
Time =               653000, clk = 0, sw = 1, data = 1000
Time =               653000, clk = 1, sw = 1, data = 1000
Time =               654000, clk = 0, sw = 1, data = 1000
Time =               655000, clk = 1, sw = 1, data = 1000
Time =               655000, clk = 0, sw = 1, data = 1000
Time =               656000, clk = 1, sw = 1, data = 1000
Time =               656000, clk = 0, sw = 1, data = 1000
Time =               657000, clk = 1, sw = 1, data = 1000
Time =               657000, clk = 0, sw = 1, data = 1000
Time =               658000, clk = 1, sw = 1, data = 0100
Time =               659000, clk = 0, sw = 1, data = 0100
Time =               659000, clk = 1, sw = 1, data = 0100
Time =               660000, clk = 0, sw = 1, data = 0100
Time =               660000, clk = 1, sw = 1, data = 0100
Time =               661000, clk = 0, sw = 1, data = 0100
Time =               662000, clk = 1, sw = 1, data = 0100
Time =               662000, clk = 0, sw = 1, data = 0100
Time =               663000, clk = 1, sw = 1, data = 0100
Time =               663000, clk = 0, sw = 1, data = 0100
Time =               664000, clk = 1, sw = 1, data = 0100
Time =               664000, clk = 0, sw = 1, data = 0100
Time =               665000, clk = 1, sw = 1, data = 0100
Time =               666000, clk = 0, sw = 1, data = 0100
Time =               666000, clk = 1, sw = 1, data = 0100
Time =               667000, clk = 0, sw = 1, data = 0100
Time =               667000, clk = 1, sw = 1, data = 0100
Time =               668000, clk = 0, sw = 1, data = 0100
Time =               669000, clk = 1, sw = 1, data = 0100
Time =               669000, clk = 0, sw = 1, data = 0100
Time =               670000, clk = 1, sw = 1, data = 0100
Time =               670000, clk = 0, sw = 1, data = 0100
Time =               671000, clk = 1, sw = 1, data = 0100
Time =               672000, clk = 0, sw = 1, data = 0100
Time =               672000, clk = 1, sw = 1, data = 0100
Time =               673000, clk = 0, sw = 1, data = 0100
Time =               673000, clk = 1, sw = 1, data = 0100
Time =               674000, clk = 0, sw = 1, data = 0100
Time =               674000, clk = 1, sw = 1, data = 0100
Time =               675000, clk = 0, sw = 1, data = 0100
Time =               676000, clk = 1, sw = 1, data = 0100
Time =               676000, clk = 0, sw = 1, data = 0100
Time =               677000, clk = 1, sw = 1, data = 0100
Time =               677000, clk = 0, sw = 1, data = 0100
Time =               678000, clk = 1, sw = 1, data = 0100
Time =               679000, clk = 0, sw = 1, data = 0100
Time =               679000, clk = 1, sw = 1, data = 0100
Time =               680000, clk = 0, sw = 1, data = 0100
Time =               680000, clk = 1, sw = 1, data = 0100
Time =               681000, clk = 0, sw = 1, data = 0100
Time =               682000, clk = 1, sw = 1, data = 0100
Time =               682000, clk = 0, sw = 1, data = 0100
Time =               683000, clk = 1, sw = 1, data = 0100
Time =               683000, clk = 0, sw = 1, data = 0100
Time =               684000, clk = 1, sw = 1, data = 0010
Time =               684000, clk = 0, sw = 1, data = 0010
Time =               685000, clk = 1, sw = 1, data = 0010
Time =               686000, clk = 0, sw = 1, data = 0010
Time =               686000, clk = 1, sw = 1, data = 0010
Time =               687000, clk = 0, sw = 1, data = 0010
Time =               687000, clk = 1, sw = 1, data = 0010
Time =               688000, clk = 0, sw = 1, data = 0010
Time =               689000, clk = 1, sw = 1, data = 0010
Time =               689000, clk = 0, sw = 1, data = 0010
Time =               690000, clk = 1, sw = 1, data = 0010
Time =               690000, clk = 0, sw = 1, data = 0010
Time =               691000, clk = 1, sw = 1, data = 0010
Time =               691000, clk = 0, sw = 1, data = 0010
Time =               692000, clk = 1, sw = 1, data = 0010
Time =               693000, clk = 0, sw = 1, data = 0010
Time =               693000, clk = 1, sw = 1, data = 0010
Time =               694000, clk = 0, sw = 1, data = 0010
Time =               694000, clk = 1, sw = 1, data = 0010
Time =               695000, clk = 0, sw = 1, data = 0010
Time =               696000, clk = 1, sw = 1, data = 0010
Time =               696000, clk = 0, sw = 1, data = 0010
Time =               697000, clk = 1, sw = 1, data = 0010
Time =               697000, clk = 0, sw = 1, data = 0010
Time =               698000, clk = 1, sw = 1, data = 0010
Time =               699000, clk = 0, sw = 1, data = 0010
Time =               699000, clk = 1, sw = 1, data = 0010
Time =               700000, clk = 0, sw = 1, data = 0010
Time =               700000, clk = 1, sw = 1, data = 0010
Time =               701000, clk = 0, sw = 1, data = 0010
Time =               701000, clk = 1, sw = 1, data = 0010
Time =               702000, clk = 0, sw = 1, data = 0010
Time =               703000, clk = 1, sw = 1, data = 0010
Time =               703000, clk = 0, sw = 1, data = 0010
Time =               704000, clk = 1, sw = 1, data = 0010
Time =               704000, clk = 0, sw = 1, data = 0010
Time =               705000, clk = 1, sw = 1, data = 0010
Time =               706000, clk = 0, sw = 1, data = 0010
Time =               706000, clk = 1, sw = 1, data = 0010
Time =               707000, clk = 0, sw = 1, data = 0010
Time =               707000, clk = 1, sw = 1, data = 0010
Time =               708000, clk = 0, sw = 1, data = 0010
Time =               709000, clk = 1, sw = 1, data = 0010
Time =               709000, clk = 0, sw = 1, data = 0010
Time =               710000, clk = 1, sw = 1, data = 0001
Time =               710000, clk = 0, sw = 1, data = 0001
Time =               711000, clk = 1, sw = 1, data = 0001
Time =               711000, clk = 0, sw = 1, data = 0001
Time =               712000, clk = 1, sw = 1, data = 0001
Time =               713000, clk = 0, sw = 1, data = 0001
Time =               713000, clk = 1, sw = 1, data = 0001
Time =               714000, clk = 0, sw = 1, data = 0001
Time =               714000, clk = 1, sw = 1, data = 0001
Time =               715000, clk = 0, sw = 1, data = 0001
Time =               716000, clk = 1, sw = 1, data = 0001
Time =               716000, clk = 0, sw = 1, data = 0001
Time =               717000, clk = 1, sw = 1, data = 0001
Time =               717000, clk = 0, sw = 1, data = 0001
Time =               718000, clk = 1, sw = 1, data = 0001
Time =               718000, clk = 0, sw = 1, data = 0001
Time =               719000, clk = 1, sw = 1, data = 0001
Time =               720000, clk = 0, sw = 1, data = 0001
Time =               720000, clk = 1, sw = 1, data = 0001
Time =               721000, clk = 0, sw = 1, data = 0001
Time =               721000, clk = 1, sw = 1, data = 0001
Time =               722000, clk = 0, sw = 1, data = 0001
Time =               723000, clk = 1, sw = 1, data = 0001
Time =               723000, clk = 0, sw = 1, data = 0001
Time =               724000, clk = 1, sw = 1, data = 0001
Time =               724000, clk = 0, sw = 1, data = 0001
Time =               725000, clk = 1, sw = 1, data = 0001
Time =               726000, clk = 0, sw = 1, data = 0001
Time =               726000, clk = 1, sw = 1, data = 0001
Time =               727000, clk = 0, sw = 1, data = 0001
Time =               727000, clk = 1, sw = 1, data = 0001
Time =               728000, clk = 0, sw = 1, data = 0001
Time =               728000, clk = 1, sw = 1, data = 0001
Time =               729000, clk = 0, sw = 1, data = 0001
Time =               730000, clk = 1, sw = 1, data = 0001
Time =               730000, clk = 0, sw = 1, data = 0001
Time =               731000, clk = 1, sw = 1, data = 0001
Time =               731000, clk = 0, sw = 1, data = 0001
Time =               732000, clk = 1, sw = 1, data = 0001
Time =               733000, clk = 0, sw = 1, data = 0001
Time =               733000, clk = 1, sw = 1, data = 0001
Time =               734000, clk = 0, sw = 1, data = 0001
Time =               734000, clk = 1, sw = 1, data = 0001
Time =               735000, clk = 0, sw = 1, data = 0001
Time =               736000, clk = 1, sw = 1, data = 1000
Time =               736000, clk = 0, sw = 1, data = 1000
Time =               737000, clk = 1, sw = 1, data = 1000
Time =               737000, clk = 0, sw = 1, data = 1000
Time =               738000, clk = 1, sw = 1, data = 1000
Time =               738000, clk = 0, sw = 1, data = 1000
Time =               739000, clk = 1, sw = 1, data = 1000
Time =               740000, clk = 0, sw = 1, data = 1000
Time =               740000, clk = 1, sw = 1, data = 1000
Time =               741000, clk = 0, sw = 1, data = 1000
Time =               741000, clk = 1, sw = 1, data = 1000
Time =               742000, clk = 0, sw = 1, data = 1000
Time =               743000, clk = 1, sw = 1, data = 1000
Time =               743000, clk = 0, sw = 1, data = 1000
Time =               744000, clk = 1, sw = 1, data = 1000
Time =               744000, clk = 0, sw = 1, data = 1000
Time =               745000, clk = 1, sw = 1, data = 1000
Time =               745000, clk = 0, sw = 1, data = 1000
Time =               746000, clk = 1, sw = 1, data = 1000
Time =               747000, clk = 0, sw = 1, data = 1000
Time =               747000, clk = 1, sw = 1, data = 1000
Time =               748000, clk = 0, sw = 1, data = 1000
Time =               748000, clk = 1, sw = 1, data = 1000
Time =               749000, clk = 0, sw = 1, data = 1000
Time =               750000, clk = 1, sw = 1, data = 1000
Time =               750000, clk = 0, sw = 1, data = 1000
Time =               751000, clk = 1, sw = 1, data = 1000
Time =               751000, clk = 0, sw = 1, data = 1000
Time =               752000, clk = 1, sw = 1, data = 1000
Time =               753000, clk = 0, sw = 1, data = 1000
Time =               753000, clk = 1, sw = 1, data = 1000
Time =               754000, clk = 0, sw = 1, data = 1000
Time =               754000, clk = 1, sw = 1, data = 1000
Time =               755000, clk = 0, sw = 1, data = 1000
Time =               755000, clk = 1, sw = 1, data = 1000
Time =               756000, clk = 0, sw = 1, data = 1000
Time =               757000, clk = 1, sw = 1, data = 1000
Time =               757000, clk = 0, sw = 1, data = 1000
Time =               758000, clk = 1, sw = 1, data = 1000
Time =               758000, clk = 0, sw = 1, data = 1000
Time =               759000, clk = 1, sw = 1, data = 1000
Time =               760000, clk = 0, sw = 1, data = 1000
Time =               760000, clk = 1, sw = 1, data = 1000
Time =               761000, clk = 0, sw = 1, data = 1000
Time =               761000, clk = 1, sw = 1, data = 0100
Time =               762000, clk = 0, sw = 1, data = 0100
Time =               763000, clk = 1, sw = 1, data = 0100
Time =               763000, clk = 0, sw = 1, data = 0100
Time =               764000, clk = 1, sw = 1, data = 0100
Time =               764000, clk = 0, sw = 1, data = 0100
Time =               765000, clk = 1, sw = 1, data = 0100
Time =               765000, clk = 0, sw = 1, data = 0100
Time =               766000, clk = 1, sw = 1, data = 0100
Time =               767000, clk = 0, sw = 1, data = 0100
Time =               767000, clk = 1, sw = 1, data = 0100
Time =               768000, clk = 0, sw = 1, data = 0100
Time =               768000, clk = 1, sw = 1, data = 0100
Time =               769000, clk = 0, sw = 1, data = 0100
Time =               770000, clk = 1, sw = 1, data = 0100
Time =               770000, clk = 0, sw = 1, data = 0100
Time =               771000, clk = 1, sw = 1, data = 0100
Time =               771000, clk = 0, sw = 1, data = 0100
Time =               772000, clk = 1, sw = 1, data = 0100
Time =               772000, clk = 0, sw = 1, data = 0100
Time =               773000, clk = 1, sw = 1, data = 0100
Time =               774000, clk = 0, sw = 1, data = 0100
Time =               774000, clk = 1, sw = 1, data = 0100
Time =               775000, clk = 0, sw = 1, data = 0100
Time =               775000, clk = 1, sw = 1, data = 0100
Time =               776000, clk = 0, sw = 1, data = 0100
Time =               777000, clk = 1, sw = 1, data = 0100
Time =               777000, clk = 0, sw = 1, data = 0100
Time =               778000, clk = 1, sw = 1, data = 0100
Time =               778000, clk = 0, sw = 1, data = 0100
Time =               779000, clk = 1, sw = 1, data = 0100
Time =               780000, clk = 0, sw = 1, data = 0100
Time =               780000, clk = 1, sw = 1, data = 0100
Time =               781000, clk = 0, sw = 1, data = 0100
Time =               781000, clk = 1, sw = 1, data = 0100
Time =               782000, clk = 0, sw = 1, data = 0100
Time =               782000, clk = 1, sw = 1, data = 0100
Time =               783000, clk = 0, sw = 1, data = 0100
Time =               784000, clk = 1, sw = 1, data = 0100
Time =               784000, clk = 0, sw = 1, data = 0100
Time =               785000, clk = 1, sw = 1, data = 0100
Time =               785000, clk = 0, sw = 1, data = 0100
Time =               786000, clk = 1, sw = 1, data = 0100
Time =               787000, clk = 0, sw = 1, data = 0100
Time =               787000, clk = 1, sw = 1, data = 0010
Time =               788000, clk = 0, sw = 1, data = 0010
Time =               788000, clk = 1, sw = 1, data = 0010
Time =               789000, clk = 0, sw = 1, data = 0010
Time =               790000, clk = 1, sw = 1, data = 0010
Time =               790000, clk = 0, sw = 1, data = 0010
Time =               791000, clk = 1, sw = 1, data = 0010
Time =               791000, clk = 0, sw = 1, data = 0010
Time =               792000, clk = 1, sw = 1, data = 0010
Time =               792000, clk = 0, sw = 1, data = 0010
Time =               793000, clk = 1, sw = 1, data = 0010
Time =               794000, clk = 0, sw = 1, data = 0010
Time =               794000, clk = 1, sw = 1, data = 0010
Time =               795000, clk = 0, sw = 1, data = 0010
Time =               795000, clk = 1, sw = 1, data = 0010
Time =               796000, clk = 0, sw = 1, data = 0010
Time =               797000, clk = 1, sw = 1, data = 0010
Time =               797000, clk = 0, sw = 1, data = 0010
Time =               798000, clk = 1, sw = 1, data = 0010
Time =               798000, clk = 0, sw = 1, data = 0010
Time =               799000, clk = 1, sw = 1, data = 0010
Time =               799000, clk = 0, sw = 1, data = 0010
Time =               800000, clk = 1, sw = 1, data = 0010
Time =               801000, clk = 0, sw = 1, data = 0010
Time =               801000, clk = 1, sw = 1, data = 0010
Time =               802000, clk = 0, sw = 1, data = 0010
Time =               802000, clk = 1, sw = 1, data = 0010
Time =               803000, clk = 0, sw = 1, data = 0010
Time =               804000, clk = 1, sw = 1, data = 0010
Time =               804000, clk = 0, sw = 1, data = 0010
Time =               805000, clk = 1, sw = 1, data = 0010
Time =               805000, clk = 0, sw = 1, data = 0010
Time =               806000, clk = 1, sw = 1, data = 0010
Time =               807000, clk = 0, sw = 1, data = 0010
Time =               807000, clk = 1, sw = 1, data = 0010
Time =               808000, clk = 0, sw = 1, data = 0010
Time =               808000, clk = 1, sw = 1, data = 0010
Time =               809000, clk = 0, sw = 1, data = 0010
Time =               809000, clk = 1, sw = 1, data = 0010
Time =               810000, clk = 0, sw = 1, data = 0010
Time =               811000, clk = 1, sw = 1, data = 0010
Time =               811000, clk = 0, sw = 1, data = 0010
Time =               812000, clk = 1, sw = 1, data = 0010
Time =               812000, clk = 0, sw = 1, data = 0010
Time =               813000, clk = 1, sw = 1, data = 0001
Time =               814000, clk = 0, sw = 1, data = 0001
Time =               814000, clk = 1, sw = 1, data = 0001
Time =               815000, clk = 0, sw = 1, data = 0001
Time =               815000, clk = 1, sw = 1, data = 0001
Time =               816000, clk = 0, sw = 1, data = 0001
Time =               817000, clk = 1, sw = 1, data = 0001
Time =               817000, clk = 0, sw = 1, data = 0001
Time =               818000, clk = 1, sw = 1, data = 0001
Time =               818000, clk = 0, sw = 1, data = 0001
Time =               819000, clk = 1, sw = 1, data = 0001
Time =               819000, clk = 0, sw = 1, data = 0001
Time =               820000, clk = 1, sw = 1, data = 0001
Time =               821000, clk = 0, sw = 1, data = 0001
Time =               821000, clk = 1, sw = 1, data = 0001
Time =               822000, clk = 0, sw = 1, data = 0001
Time =               822000, clk = 1, sw = 1, data = 0001
Time =               823000, clk = 0, sw = 1, data = 0001
Time =               824000, clk = 1, sw = 1, data = 0001
Time =               824000, clk = 0, sw = 1, data = 0001
Time =               825000, clk = 1, sw = 1, data = 0001
Time =               825000, clk = 0, sw = 1, data = 0001
Time =               826000, clk = 1, sw = 1, data = 0001
Time =               826000, clk = 0, sw = 1, data = 0001
Time =               827000, clk = 1, sw = 1, data = 0001
Time =               828000, clk = 0, sw = 1, data = 0001
Time =               828000, clk = 1, sw = 1, data = 0001
Time =               829000, clk = 0, sw = 1, data = 0001
Time =               829000, clk = 1, sw = 1, data = 0001
Time =               830000, clk = 0, sw = 1, data = 0001
Time =               831000, clk = 1, sw = 1, data = 0001
Time =               831000, clk = 0, sw = 1, data = 0001
Time =               832000, clk = 1, sw = 1, data = 0001
Time =               832000, clk = 0, sw = 1, data = 0001
Time =               833000, clk = 1, sw = 1, data = 0001
Time =               834000, clk = 0, sw = 1, data = 0001
Time =               834000, clk = 1, sw = 1, data = 0001
Time =               835000, clk = 0, sw = 1, data = 0001
Time =               835000, clk = 1, sw = 1, data = 0001
Time =               836000, clk = 0, sw = 1, data = 0001
Time =               836000, clk = 1, sw = 1, data = 0001
Time =               837000, clk = 0, sw = 1, data = 0001
Time =               838000, clk = 1, sw = 1, data = 0001
Time =               838000, clk = 0, sw = 1, data = 0001
Time =               839000, clk = 1, sw = 1, data = 1000
Time =               839000, clk = 0, sw = 1, data = 1000
Time =               840000, clk = 1, sw = 1, data = 1000
Time =               841000, clk = 0, sw = 1, data = 1000
Time =               841000, clk = 1, sw = 1, data = 1000
Time =               842000, clk = 0, sw = 1, data = 1000
Time =               842000, clk = 1, sw = 1, data = 1000
Time =               843000, clk = 0, sw = 1, data = 1000
Time =               844000, clk = 1, sw = 1, data = 1000
Time =               844000, clk = 0, sw = 1, data = 1000
Time =               845000, clk = 1, sw = 1, data = 1000
Time =               845000, clk = 0, sw = 1, data = 1000
Time =               846000, clk = 1, sw = 1, data = 1000
Time =               846000, clk = 0, sw = 1, data = 1000
Time =               847000, clk = 1, sw = 1, data = 1000
Time =               848000, clk = 0, sw = 1, data = 1000
Time =               848000, clk = 1, sw = 1, data = 1000
Time =               849000, clk = 0, sw = 1, data = 1000
Time =               849000, clk = 1, sw = 1, data = 1000
Time =               850000, clk = 0, sw = 1, data = 1000
Time =               851000, clk = 1, sw = 1, data = 1000
Time =               851000, clk = 0, sw = 1, data = 1000
Time =               852000, clk = 1, sw = 1, data = 1000
Time =               852000, clk = 0, sw = 1, data = 1000
Time =               853000, clk = 1, sw = 1, data = 1000
Time =               853000, clk = 0, sw = 1, data = 1000
Time =               854000, clk = 1, sw = 1, data = 1000
Time =               855000, clk = 0, sw = 1, data = 1000
Time =               855000, clk = 1, sw = 1, data = 1000
Time =               856000, clk = 0, sw = 1, data = 1000
Time =               856000, clk = 1, sw = 1, data = 1000
Time =               857000, clk = 0, sw = 1, data = 1000
Time =               858000, clk = 1, sw = 1, data = 1000
Time =               858000, clk = 0, sw = 1, data = 1000
Time =               859000, clk = 1, sw = 1, data = 1000
Time =               859000, clk = 0, sw = 1, data = 1000
Time =               860000, clk = 1, sw = 1, data = 1000
Time =               861000, clk = 0, sw = 1, data = 1000
Time =               861000, clk = 1, sw = 1, data = 1000
Time =               862000, clk = 0, sw = 1, data = 1000
Time =               862000, clk = 1, sw = 1, data = 1000
Time =               863000, clk = 0, sw = 1, data = 1000
Time =               863000, clk = 1, sw = 1, data = 1000
Time =               864000, clk = 0, sw = 1, data = 1000
Time =               865000, clk = 1, sw = 1, data = 0100
Time =               865000, clk = 0, sw = 1, data = 0100
Time =               866000, clk = 1, sw = 1, data = 0100
Time =               866000, clk = 0, sw = 1, data = 0100
Time =               867000, clk = 1, sw = 1, data = 0100
Time =               868000, clk = 0, sw = 1, data = 0100
Time =               868000, clk = 1, sw = 1, data = 0100
Time =               869000, clk = 0, sw = 1, data = 0100
Time =               869000, clk = 1, sw = 1, data = 0100
Time =               870000, clk = 0, sw = 1, data = 0100
Time =               871000, clk = 1, sw = 1, data = 0100
Time =               871000, clk = 0, sw = 1, data = 0100
Time =               872000, clk = 1, sw = 1, data = 0100
Time =               872000, clk = 0, sw = 1, data = 0100
Time =               873000, clk = 1, sw = 1, data = 0100
Time =               873000, clk = 0, sw = 1, data = 0100
Time =               874000, clk = 1, sw = 1, data = 0100
Time =               875000, clk = 0, sw = 1, data = 0100
Time =               875000, clk = 1, sw = 1, data = 0100
Time =               876000, clk = 0, sw = 1, data = 0100
Time =               876000, clk = 1, sw = 1, data = 0100
Time =               877000, clk = 0, sw = 1, data = 0100
Time =               878000, clk = 1, sw = 1, data = 0100
Time =               878000, clk = 0, sw = 1, data = 0100
Time =               879000, clk = 1, sw = 1, data = 0100
Time =               879000, clk = 0, sw = 1, data = 0100
Time =               880000, clk = 1, sw = 1, data = 0100
Time =               881000, clk = 0, sw = 1, data = 0100
Time =               881000, clk = 1, sw = 1, data = 0100
Time =               882000, clk = 0, sw = 1, data = 0100
Time =               882000, clk = 1, sw = 1, data = 0100
Time =               883000, clk = 0, sw = 1, data = 0100
Time =               883000, clk = 1, sw = 1, data = 0100
Time =               884000, clk = 0, sw = 1, data = 0100
Time =               885000, clk = 1, sw = 1, data = 0100
Time =               885000, clk = 0, sw = 1, data = 0100
Time =               886000, clk = 1, sw = 1, data = 0100
Time =               886000, clk = 0, sw = 1, data = 0100
Time =               887000, clk = 1, sw = 1, data = 0100
Time =               888000, clk = 0, sw = 1, data = 0100
Time =               888000, clk = 1, sw = 1, data = 0100
Time =               889000, clk = 0, sw = 1, data = 0100
Time =               889000, clk = 1, sw = 1, data = 0100
Time =               890000, clk = 0, sw = 1, data = 0100
Time =               890000, clk = 1, sw = 1, data = 0010
Time =               891000, clk = 0, sw = 1, data = 0010
Time =               892000, clk = 1, sw = 1, data = 0010
Time =               892000, clk = 0, sw = 1, data = 0010
Time =               893000, clk = 1, sw = 1, data = 0010
Time =               893000, clk = 0, sw = 1, data = 0010
Time =               894000, clk = 1, sw = 1, data = 0010
Time =               895000, clk = 0, sw = 1, data = 0010
Time =               895000, clk = 1, sw = 1, data = 0010
Time =               896000, clk = 0, sw = 1, data = 0010
Time =               896000, clk = 1, sw = 1, data = 0010
Time =               897000, clk = 0, sw = 1, data = 0010
Time =               898000, clk = 1, sw = 1, data = 0010
Time =               898000, clk = 0, sw = 1, data = 0010
Time =               899000, clk = 1, sw = 1, data = 0010
Time =               899000, clk = 0, sw = 1, data = 0010
Time =               900000, clk = 1, sw = 1, data = 0010
Time =               900000, clk = 0, sw = 1, data = 0010
Time =               901000, clk = 1, sw = 1, data = 0010
Time =               902000, clk = 0, sw = 1, data = 0010
Time =               902000, clk = 1, sw = 1, data = 0010
Time =               903000, clk = 0, sw = 1, data = 0010
Time =               903000, clk = 1, sw = 1, data = 0010
Time =               904000, clk = 0, sw = 1, data = 0010
Time =               905000, clk = 1, sw = 1, data = 0010
Time =               905000, clk = 0, sw = 1, data = 0010
Time =               906000, clk = 1, sw = 1, data = 0010
Time =               906000, clk = 0, sw = 1, data = 0010
Time =               907000, clk = 1, sw = 1, data = 0010
Time =               908000, clk = 0, sw = 1, data = 0010
Time =               908000, clk = 1, sw = 1, data = 0010
Time =               909000, clk = 0, sw = 1, data = 0010
Time =               909000, clk = 1, sw = 1, data = 0010
Time =               910000, clk = 0, sw = 1, data = 0010
Time =               910000, clk = 1, sw = 1, data = 0010
Time =               911000, clk = 0, sw = 1, data = 0010
Time =               912000, clk = 1, sw = 1, data = 0010
Time =               912000, clk = 0, sw = 1, data = 0010
Time =               913000, clk = 1, sw = 1, data = 0010
Time =               913000, clk = 0, sw = 1, data = 0010
Time =               914000, clk = 1, sw = 1, data = 0010
Time =               915000, clk = 0, sw = 1, data = 0010
Time =               915000, clk = 1, sw = 1, data = 0010
Time =               916000, clk = 0, sw = 1, data = 0010
Time =               916000, clk = 1, sw = 1, data = 0001
Time =               917000, clk = 0, sw = 1, data = 0001
Time =               917000, clk = 1, sw = 1, data = 0001
Time =               918000, clk = 0, sw = 1, data = 0001
Time =               919000, clk = 1, sw = 1, data = 0001
Time =               919000, clk = 0, sw = 1, data = 0001
Time =               920000, clk = 1, sw = 1, data = 0001
Time =               920000, clk = 0, sw = 1, data = 0001
Time =               921000, clk = 1, sw = 1, data = 0001
Time =               922000, clk = 0, sw = 1, data = 0001
Time =               922000, clk = 1, sw = 1, data = 0001
Time =               923000, clk = 0, sw = 1, data = 0001
Time =               923000, clk = 1, sw = 1, data = 0001
Time =               924000, clk = 0, sw = 1, data = 0001
Time =               925000, clk = 1, sw = 1, data = 0001
Time =               925000, clk = 0, sw = 1, data = 0001
Time =               926000, clk = 1, sw = 1, data = 0001
Time =               926000, clk = 0, sw = 1, data = 0001
Time =               927000, clk = 1, sw = 1, data = 0001
Time =               927000, clk = 0, sw = 1, data = 0001
Time =               928000, clk = 1, sw = 1, data = 0001
Time =               929000, clk = 0, sw = 1, data = 0001
Time =               929000, clk = 1, sw = 1, data = 0001
Time =               930000, clk = 0, sw = 1, data = 0001
Time =               930000, clk = 1, sw = 1, data = 0001
Time =               931000, clk = 0, sw = 1, data = 0001
Time =               932000, clk = 1, sw = 1, data = 0001
Time =               932000, clk = 0, sw = 1, data = 0001
Time =               933000, clk = 1, sw = 1, data = 0001
Time =               933000, clk = 0, sw = 1, data = 0001
Time =               934000, clk = 1, sw = 1, data = 0001
Time =               935000, clk = 0, sw = 1, data = 0001
Time =               935000, clk = 1, sw = 1, data = 0001
Time =               936000, clk = 0, sw = 1, data = 0001
Time =               936000, clk = 1, sw = 1, data = 0001
Time =               937000, clk = 0, sw = 1, data = 0001
Time =               937000, clk = 1, sw = 1, data = 0001
Time =               938000, clk = 0, sw = 1, data = 0001
Time =               939000, clk = 1, sw = 1, data = 0001
Time =               939000, clk = 0, sw = 1, data = 0001
Time =               940000, clk = 1, sw = 1, data = 0001
Time =               940000, clk = 0, sw = 1, data = 0001
Time =               941000, clk = 1, sw = 1, data = 0001
Time =               942000, clk = 0, sw = 1, data = 0001
Time =               942000, clk = 1, sw = 1, data = 1000
Time =               943000, clk = 0, sw = 1, data = 1000
Time =               943000, clk = 1, sw = 1, data = 1000
Time =               944000, clk = 0, sw = 1, data = 1000
Time =               944000, clk = 1, sw = 1, data = 1000
Time =               945000, clk = 0, sw = 1, data = 1000
Time =               946000, clk = 1, sw = 1, data = 1000
Time =               946000, clk = 0, sw = 1, data = 1000
Time =               947000, clk = 1, sw = 1, data = 1000
Time =               947000, clk = 0, sw = 1, data = 1000
Time =               948000, clk = 1, sw = 1, data = 1000
Time =               949000, clk = 0, sw = 1, data = 1000
Time =               949000, clk = 1, sw = 1, data = 1000
Time =               950000, clk = 0, sw = 1, data = 1000
Time =               950000, clk = 1, sw = 1, data = 1000
Time =               951000, clk = 0, sw = 1, data = 1000
Time =               952000, clk = 1, sw = 1, data = 1000
Time =               952000, clk = 0, sw = 1, data = 1000
Time =               953000, clk = 1, sw = 1, data = 1000
Time =               953000, clk = 0, sw = 1, data = 1000
Time =               954000, clk = 1, sw = 1, data = 1000
Time =               954000, clk = 0, sw = 1, data = 1000
Time =               955000, clk = 1, sw = 1, data = 1000
Time =               956000, clk = 0, sw = 1, data = 1000
Time =               956000, clk = 1, sw = 1, data = 1000
Time =               957000, clk = 0, sw = 1, data = 1000
Time =               957000, clk = 1, sw = 1, data = 1000
Time =               958000, clk = 0, sw = 1, data = 1000
Time =               959000, clk = 1, sw = 1, data = 1000
Time =               959000, clk = 0, sw = 1, data = 1000
Time =               960000, clk = 1, sw = 1, data = 1000
Time =               960000, clk = 0, sw = 1, data = 1000
Time =               961000, clk = 1, sw = 1, data = 1000
Time =               962000, clk = 0, sw = 1, data = 1000
Time =               962000, clk = 1, sw = 1, data = 1000
Time =               963000, clk = 0, sw = 1, data = 1000
Time =               963000, clk = 1, sw = 1, data = 1000
Time =               964000, clk = 0, sw = 1, data = 1000
Time =               964000, clk = 1, sw = 1, data = 1000
Time =               965000, clk = 0, sw = 1, data = 1000
Time =               966000, clk = 1, sw = 1, data = 1000
Time =               966000, clk = 0, sw = 1, data = 1000
Time =               967000, clk = 1, sw = 1, data = 1000
Time =               967000, clk = 0, sw = 1, data = 1000
Time =               968000, clk = 1, sw = 1, data = 0100
Time =               969000, clk = 0, sw = 1, data = 0100
Time =               969000, clk = 1, sw = 1, data = 0100
Time =               970000, clk = 0, sw = 1, data = 0100
Time =               970000, clk = 1, sw = 1, data = 0100
Time =               971000, clk = 0, sw = 1, data = 0100
Time =               971000, clk = 1, sw = 1, data = 0100
Time =               972000, clk = 0, sw = 1, data = 0100
Time =               973000, clk = 1, sw = 1, data = 0100
Time =               973000, clk = 0, sw = 1, data = 0100
Time =               974000, clk = 1, sw = 1, data = 0100
Time =               974000, clk = 0, sw = 1, data = 0100
Time =               975000, clk = 1, sw = 1, data = 0100
Time =               976000, clk = 0, sw = 1, data = 0100
Time =               976000, clk = 1, sw = 1, data = 0100
Time =               977000, clk = 0, sw = 1, data = 0100
Time =               977000, clk = 1, sw = 1, data = 0100
Time =               978000, clk = 0, sw = 1, data = 0100
Time =               979000, clk = 1, sw = 1, data = 0100
Time =               979000, clk = 0, sw = 1, data = 0100
Time =               980000, clk = 1, sw = 1, data = 0100
Time =               980000, clk = 0, sw = 1, data = 0100
Time =               981000, clk = 1, sw = 1, data = 0100
Time =               981000, clk = 0, sw = 1, data = 0100
Time =               982000, clk = 1, sw = 1, data = 0100
Time =               983000, clk = 0, sw = 1, data = 0100
Time =               983000, clk = 1, sw = 1, data = 0100
Time =               984000, clk = 0, sw = 1, data = 0100
Time =               984000, clk = 1, sw = 1, data = 0100
Time =               985000, clk = 0, sw = 1, data = 0100
Time =               986000, clk = 1, sw = 1, data = 0100
Time =               986000, clk = 0, sw = 1, data = 0100
Time =               987000, clk = 1, sw = 1, data = 0100
Time =               987000, clk = 0, sw = 1, data = 0100
Time =               988000, clk = 1, sw = 1, data = 0100
Time =               989000, clk = 0, sw = 1, data = 0100
Time =               989000, clk = 1, sw = 1, data = 0100
Time =               990000, clk = 0, sw = 1, data = 0100
Time =               990000, clk = 1, sw = 1, data = 0100
Time =               991000, clk = 0, sw = 1, data = 0100
Time =               991000, clk = 1, sw = 1, data = 0100
Time =               992000, clk = 0, sw = 1, data = 0100
Time =               993000, clk = 1, sw = 1, data = 0100
Time =               993000, clk = 0, sw = 1, data = 0100
Time =               994000, clk = 1, sw = 1, data = 0010
Time =               994000, clk = 0, sw = 1, data = 0010
Time =               995000, clk = 1, sw = 1, data = 0010
Time =               996000, clk = 0, sw = 1, data = 0010
Time =               996000, clk = 1, sw = 1, data = 0010
Time =               997000, clk = 0, sw = 1, data = 0010
Time =               997000, clk = 1, sw = 1, data = 0010
Time =               998000, clk = 0, sw = 1, data = 0010
Time =               998000, clk = 1, sw = 1, data = 0010
Time =               999000, clk = 0, sw = 1, data = 0010
Time =              1000000, clk = 1, sw = 1, data = 0010
$finish called at time : 1 us : File "E:/Experiements/experiement_2.4/experiement_2.4.srcs/sim_1/new/led_tb.v" Line 35
