
*** Running vivado
    with args -log addsub_4bitmux.vds -m64 -product Vivado -mode batch -messageDb vivado.pb -notrace -source addsub_4bitmux.tcl



****** Vivado v2023.2 (64-bit)
  **** SW Build 4029153 on Fri Oct 13 20:14:34 MDT 2023
  **** IP Build 4028589 on Sat Oct 14 00:45:43 MDT 2023
  **** SharedData Build 4025554 on Tue Oct 10 17:18:54 MDT 2023
    ** Copyright 1986-2022 Xilinx, Inc. All Rights Reserved.
    ** Copyright 2022-2023 Advanced Micro Devices, Inc. All Rights Reserved.

source addsub_4bitmux.tcl -notrace
create_project: Time (s): cpu = 00:00:06 ; elapsed = 00:00:10 . Memory (MB): peak = 563.961 ; gain = 180.383
Command: read_checkpoint -auto_incremental -incremental E:/Experiements/Experiement_5.3/Experiement_5.3.srcs/utils_1/imports/synth_1/addsub_4bitmux.dcp
INFO: [Vivado 12-5825] Read reference checkpoint from E:/Experiements/Experiement_5.3/Experiement_5.3.srcs/utils_1/imports/synth_1/addsub_4bitmux.dcp for incremental synthesis
INFO: [Vivado 12-7989] Please ensure there are no constraint changes
Command: synth_design -top addsub_4bitmux -part xc7a35tcsg324-1
Starting synth_design
Attempting to get a license for feature 'Synthesis' and/or device 'xc7a35t'
INFO: [Common 17-349] Got license for feature 'Synthesis' and/or device 'xc7a35t'
INFO: [Device 21-403] Loading part xc7a35tcsg324-1
INFO: [Designutils 20-5440] No compile time benefit to using incremental synthesis; A full resynthesis will be run
INFO: [Designutils 20-4379] Flow is switching to default flow due to incremental criteria not met. If you would like to alter this behaviour and have the flow terminate instead, please set the following parameter config_implementation {autoIncr.Synth.RejectBehavior Terminate}
INFO: [Synth 8-7079] Multithreading enabled for synth_design using a maximum of 2 processes.
INFO: [Synth 8-7078] Launching helper process for spawning children vivado processes
INFO: [Synth 8-7075] Helper process launched with PID 40212
---------------------------------------------------------------------------------
Starting RTL Elaboration : Time (s): cpu = 00:00:04 ; elapsed = 00:00:08 . Memory (MB): peak = 1400.211 ; gain = 440.105
---------------------------------------------------------------------------------
INFO: [Synth 8-11241] undeclared symbol 'c1', assumed default net type 'wire' [E:/Experiements/Experiement_5.3/Experiement_5.3.srcs/sources_1/new/adder_1bit.v:30]
INFO: [Synth 8-11241] undeclared symbol 'c2', assumed default net type 'wire' [E:/Experiements/Experiement_5.3/Experiement_5.3.srcs/sources_1/new/adder_1bit.v:31]
INFO: [Synth 8-11241] undeclared symbol 'c3', assumed default net type 'wire' [E:/Experiements/Experiement_5.3/Experiement_5.3.srcs/sources_1/new/adder_1bit.v:32]
INFO: [Synth 8-11241] undeclared symbol 's1', assumed default net type 'wire' [E:/Experiements/Experiement_5.3/Experiement_5.3.srcs/sources_1/new/adder_1bit.v:33]
INFO: [Synth 8-11241] undeclared symbol 'xor0', assumed default net type 'wire' [E:/Experiements/Experiement_5.3/Experiement_5.3.srcs/sources_1/new/addsub_1bit.v:31]
INFO: [Synth 8-11241] undeclared symbol 'co0', assumed default net type 'wire' [E:/Experiements/Experiement_5.3/Experiement_5.3.srcs/sources_1/new/addsub_4bit.v:30]
INFO: [Synth 8-11241] undeclared symbol 'co1', assumed default net type 'wire' [E:/Experiements/Experiement_5.3/Experiement_5.3.srcs/sources_1/new/addsub_4bit.v:31]
INFO: [Synth 8-11241] undeclared symbol 'co2', assumed default net type 'wire' [E:/Experiements/Experiement_5.3/Experiement_5.3.srcs/sources_1/new/addsub_4bit.v:32]
INFO: [Synth 8-11241] undeclared symbol 'co3', assumed default net type 'wire' [E:/Experiements/Experiement_5.3/Experiement_5.3.srcs/sources_1/new/addsub_4bit.v:33]
INFO: [Synth 8-11241] undeclared symbol 'nc', assumed default net type 'wire' [E:/Experiements/Experiement_5.3/Experiement_5.3.srcs/sources_1/new/addsub_4bit.v:35]
INFO: [Synth 8-11241] undeclared symbol 'nco', assumed default net type 'wire' [E:/Experiements/Experiement_5.3/Experiement_5.3.srcs/sources_1/new/addsub_4bit.v:36]
INFO: [Synth 8-11241] undeclared symbol 'a0', assumed default net type 'wire' [E:/Experiements/Experiement_5.3/Experiement_5.3.srcs/sources_1/new/addsub_4bit.v:37]
INFO: [Synth 8-11241] undeclared symbol 'a1', assumed default net type 'wire' [E:/Experiements/Experiement_5.3/Experiement_5.3.srcs/sources_1/new/addsub_4bit.v:38]
INFO: [Synth 8-6157] synthesizing module 'addsub_4bitmux' [E:/Experiements/Experiement_5.3/Experiement_5.3.srcs/sources_1/new/addsub_4bitmux.v:23]
INFO: [Synth 8-6157] synthesizing module 'addsub_4bit' [E:/Experiements/Experiement_5.3/Experiement_5.3.srcs/sources_1/new/addsub_4bit.v:23]
INFO: [Synth 8-6157] synthesizing module 'addsub_1bit' [E:/Experiements/Experiement_5.3/Experiement_5.3.srcs/sources_1/new/addsub_1bit.v:23]
INFO: [Synth 8-6157] synthesizing module 'adder_1bit' [E:/Experiements/Experiement_5.3/Experiement_5.3.srcs/sources_1/new/adder_1bit.v:23]
INFO: [Synth 8-6155] done synthesizing module 'adder_1bit' (0#1) [E:/Experiements/Experiement_5.3/Experiement_5.3.srcs/sources_1/new/adder_1bit.v:23]
INFO: [Synth 8-6155] done synthesizing module 'addsub_1bit' (0#1) [E:/Experiements/Experiement_5.3/Experiement_5.3.srcs/sources_1/new/addsub_1bit.v:23]
INFO: [Synth 8-6155] done synthesizing module 'addsub_4bit' (0#1) [E:/Experiements/Experiement_5.3/Experiement_5.3.srcs/sources_1/new/addsub_4bit.v:23]
INFO: [Synth 8-6157] synthesizing module 'and_4bit' [E:/Experiements/Experiement_5.3/Experiement_5.3.srcs/sources_1/new/and_4bit.v:23]
INFO: [Synth 8-6155] done synthesizing module 'and_4bit' (0#1) [E:/Experiements/Experiement_5.3/Experiement_5.3.srcs/sources_1/new/and_4bit.v:23]
INFO: [Synth 8-6157] synthesizing module 'or_4bit' [E:/Experiements/Experiement_5.3/Experiement_5.3.srcs/sources_1/new/or_4bit.v:23]
INFO: [Synth 8-6155] done synthesizing module 'or_4bit' (0#1) [E:/Experiements/Experiement_5.3/Experiement_5.3.srcs/sources_1/new/or_4bit.v:23]
INFO: [Synth 8-6157] synthesizing module 'mux41_4bit' [E:/Experiements/Experiement_5.3/Experiement_5.3.srcs/sources_1/new/mux41_4bit.v:23]
INFO: [Synth 8-6155] done synthesizing module 'mux41_4bit' (0#1) [E:/Experiements/Experiement_5.3/Experiement_5.3.srcs/sources_1/new/mux41_4bit.v:23]
INFO: [Synth 8-6157] synthesizing module 'mux41_1bit' [E:/Experiements/Experiement_5.3/Experiement_5.3.srcs/sources_1/new/mux41_1bit.v:23]
INFO: [Synth 8-6155] done synthesizing module 'mux41_1bit' (0#1) [E:/Experiements/Experiement_5.3/Experiement_5.3.srcs/sources_1/new/mux41_1bit.v:23]
INFO: [Synth 8-6155] done synthesizing module 'addsub_4bitmux' (0#1) [E:/Experiements/Experiement_5.3/Experiement_5.3.srcs/sources_1/new/addsub_4bitmux.v:23]
---------------------------------------------------------------------------------
Finished RTL Elaboration : Time (s): cpu = 00:00:05 ; elapsed = 00:00:12 . Memory (MB): peak = 1508.133 ; gain = 548.027
---------------------------------------------------------------------------------
---------------------------------------------------------------------------------
Start Handling Custom Attributes
---------------------------------------------------------------------------------
---------------------------------------------------------------------------------
Finished Handling Custom Attributes : Time (s): cpu = 00:00:05 ; elapsed = 00:00:12 . Memory (MB): peak = 1508.133 ; gain = 548.027
---------------------------------------------------------------------------------
---------------------------------------------------------------------------------
Finished RTL Optimization Phase 1 : Time (s): cpu = 00:00:05 ; elapsed = 00:00:12 . Memory (MB): peak = 1508.133 ; gain = 548.027
---------------------------------------------------------------------------------
Netlist sorting complete. Time (s): cpu = 00:00:00 ; elapsed = 00:00:00.001 . Memory (MB): peak = 1508.133 ; gain = 0.000
INFO: [Project 1-570] Preparing netlist for logic optimization

Processing XDC Constraints
Initializing timing engine
Parsing XDC File [E:/Experiements/Experiement_5.3/Experiement_5.3.srcs/constrs_1/new/addsub_4bitmux.xdc]
WARNING: [Vivado 12-584] No ports matched 'ctrl'. [E:/Experiements/Experiement_5.3/Experiement_5.3.srcs/constrs_1/new/addsub_4bitmux.xdc:9]
CRITICAL WARNING: [Common 17-55] 'set_property' expects at least one object. [E:/Experiements/Experiement_5.3/Experiement_5.3.srcs/constrs_1/new/addsub_4bitmux.xdc:9]
Resolution: If [get_<value>] was used to populate the object, check to make sure this command returns at least one valid object.
WARNING: [Vivado 12-584] No ports matched 's[3]'. [E:/Experiements/Experiement_5.3/Experiement_5.3.srcs/constrs_1/new/addsub_4bitmux.xdc:10]
CRITICAL WARNING: [Common 17-55] 'set_property' expects at least one object. [E:/Experiements/Experiement_5.3/Experiement_5.3.srcs/constrs_1/new/addsub_4bitmux.xdc:10]
Resolution: If [get_<value>] was used to populate the object, check to make sure this command returns at least one valid object.
WARNING: [Vivado 12-584] No ports matched 's[2]'. [E:/Experiements/Experiement_5.3/Experiement_5.3.srcs/constrs_1/new/addsub_4bitmux.xdc:11]
CRITICAL WARNING: [Common 17-55] 'set_property' expects at least one object. [E:/Experiements/Experiement_5.3/Experiement_5.3.srcs/constrs_1/new/addsub_4bitmux.xdc:11]
Resolution: If [get_<value>] was used to populate the object, check to make sure this command returns at least one valid object.
WARNING: [Vivado 12-584] No ports matched 'ctrl'. [E:/Experiements/Experiement_5.3/Experiement_5.3.srcs/constrs_1/new/addsub_4bitmux.xdc:24]
CRITICAL WARNING: [Common 17-55] 'set_property' expects at least one object. [E:/Experiements/Experiement_5.3/Experiement_5.3.srcs/constrs_1/new/addsub_4bitmux.xdc:24]
Resolution: If [get_<value>] was used to populate the object, check to make sure this command returns at least one valid object.
WARNING: [Vivado 12-584] No ports matched 's[3]'. [E:/Experiements/Experiement_5.3/Experiement_5.3.srcs/constrs_1/new/addsub_4bitmux.xdc:25]
CRITICAL WARNING: [Common 17-55] 'set_property' expects at least one object. [E:/Experiements/Experiement_5.3/Experiement_5.3.srcs/constrs_1/new/addsub_4bitmux.xdc:25]
Resolution: If [get_<value>] was used to populate the object, check to make sure this command returns at least one valid object.
WARNING: [Vivado 12-584] No ports matched 's[2]'. [E:/Experiements/Experiement_5.3/Experiement_5.3.srcs/constrs_1/new/addsub_4bitmux.xdc:26]
CRITICAL WARNING: [Common 17-55] 'set_property' expects at least one object. [E:/Experiements/Experiement_5.3/Experiement_5.3.srcs/constrs_1/new/addsub_4bitmux.xdc:26]
Resolution: If [get_<value>] was used to populate the object, check to make sure this command returns at least one valid object.
Finished Parsing XDC File [E:/Experiements/Experiement_5.3/Experiement_5.3.srcs/constrs_1/new/addsub_4bitmux.xdc]
INFO: [Project 1-236] Implementation specific constraints were found while reading constraint file [E:/Experiements/Experiement_5.3/Experiement_5.3.srcs/constrs_1/new/addsub_4bitmux.xdc]. These constraints will be ignored for synthesis but will be used in implementation. Impacted constraints are listed in the file [.Xil/addsub_4bitmux_propImpl.xdc].
Resolution: To avoid this warning, move constraints listed in [.Xil/addsub_4bitmux_propImpl.xdc] to another XDC file and exclude this new file from synthesis with the used_in_synthesis property (File Properties dialog in GUI) and re-run elaboration/synthesis.
Completed Processing XDC Constraints

Netlist sorting complete. Time (s): cpu = 00:00:00 ; elapsed = 00:00:00 . Memory (MB): peak = 1592.020 ; gain = 0.000
INFO: [Project 1-111] Unisim Transformation Summary:
No Unisim elements were transformed.

系统找不到指定的路径。
Constraint Validation Runtime : Time (s): cpu = 00:00:00 ; elapsed = 00:00:00.061 . Memory (MB): peak = 1592.020 ; gain = 0.000
INFO: [Designutils 20-5440] No compile time benefit to using incremental synthesis; A full resynthesis will be run
INFO: [Designutils 20-4379] Flow is switching to default flow due to incremental criteria not met. If you would like to alter this behaviour and have the flow terminate instead, please set the following parameter config_implementation {autoIncr.Synth.RejectBehavior Terminate}
---------------------------------------------------------------------------------
Finished Constraint Validation : Time (s): cpu = 00:00:09 ; elapsed = 00:00:25 . Memory (MB): peak = 1592.020 ; gain = 631.914
---------------------------------------------------------------------------------
---------------------------------------------------------------------------------
Start Loading Part and Timing Information
---------------------------------------------------------------------------------
Loading part: xc7a35tcsg324-1
---------------------------------------------------------------------------------
Finished Loading Part and Timing Information : Time (s): cpu = 00:00:09 ; elapsed = 00:00:25 . Memory (MB): peak = 1592.020 ; gain = 631.914
---------------------------------------------------------------------------------
---------------------------------------------------------------------------------
Start Applying 'set_property' XDC Constraints
---------------------------------------------------------------------------------
---------------------------------------------------------------------------------
Finished applying 'set_property' XDC Constraints : Time (s): cpu = 00:00:09 ; elapsed = 00:00:25 . Memory (MB): peak = 1592.020 ; gain = 631.914
---------------------------------------------------------------------------------
---------------------------------------------------------------------------------
Finished RTL Optimization Phase 2 : Time (s): cpu = 00:00:09 ; elapsed = 00:00:26 . Memory (MB): peak = 1592.020 ; gain = 631.914
---------------------------------------------------------------------------------
---------------------------------------------------------------------------------
Start RTL Component Statistics 
---------------------------------------------------------------------------------
Detailed RTL Component Info : 
+---XORs : 
	   3 Input      1 Bit         XORs := 4     
	   2 Input      1 Bit         XORs := 4     
+---Muxes : 
	   4 Input    4 Bit        Muxes := 1     
	   4 Input    1 Bit        Muxes := 1     
---------------------------------------------------------------------------------
Finished RTL Component Statistics 
---------------------------------------------------------------------------------
---------------------------------------------------------------------------------
Start Part Resource Summary
---------------------------------------------------------------------------------
Part Resources:
DSPs: 90 (col length:60)
BRAMs: 100 (col length: RAMB18 60 RAMB36 30)
---------------------------------------------------------------------------------
Finished Part Resource Summary
---------------------------------------------------------------------------------
---------------------------------------------------------------------------------
Start Cross Boundary and Area Optimization
---------------------------------------------------------------------------------
WARNING: [Synth 8-7080] Parallel synthesis criteria is not met
---------------------------------------------------------------------------------
Finished Cross Boundary and Area Optimization : Time (s): cpu = 00:00:09 ; elapsed = 00:00:29 . Memory (MB): peak = 1592.020 ; gain = 631.914
---------------------------------------------------------------------------------

*** Running vivado
    with args -log addsub_4bitmux.vds -m64 -product Vivado -mode batch -messageDb vivado.pb -notrace -source addsub_4bitmux.tcl



****** Vivado v2023.2 (64-bit)
  **** SW Build 4029153 on Fri Oct 13 20:14:34 MDT 2023
  **** IP Build 4028589 on Sat Oct 14 00:45:43 MDT 2023
  **** SharedData Build 4025554 on Tue Oct 10 17:18:54 MDT 2023
    ** Copyright 1986-2022 Xilinx, Inc. All Rights Reserved.
    ** Copyright 2022-2023 Advanced Micro Devices, Inc. All Rights Reserved.

source addsub_4bitmux.tcl -notrace
create_project: Time (s): cpu = 00:00:04 ; elapsed = 00:00:09 . Memory (MB): peak = 565.629 ; gain = 180.848
Command: read_checkpoint -auto_incremental -incremental E:/Experiements/Experiement_5.3/Experiement_5.3.srcs/utils_1/imports/synth_1/addsub_4bitmux.dcp
INFO: [Vivado 12-5825] Read reference checkpoint from E:/Experiements/Experiement_5.3/Experiement_5.3.srcs/utils_1/imports/synth_1/addsub_4bitmux.dcp for incremental synthesis
INFO: [Vivado 12-7989] Please ensure there are no constraint changes
Command: synth_design -top addsub_4bitmux -part xc7a35tcsg324-1
Starting synth_design
Attempting to get a license for feature 'Synthesis' and/or device 'xc7a35t'
INFO: [Common 17-349] Got license for feature 'Synthesis' and/or device 'xc7a35t'
INFO: [Device 21-403] Loading part xc7a35tcsg324-1
INFO: [Designutils 20-5440] No compile time benefit to using incremental synthesis; A full resynthesis will be run
INFO: [Designutils 20-4379] Flow is switching to default flow due to incremental criteria not met. If you would like to alter this behaviour and have the flow terminate instead, please set the following parameter config_implementation {autoIncr.Synth.RejectBehavior Terminate}
INFO: [Synth 8-7079] Multithreading enabled for synth_design using a maximum of 2 processes.
INFO: [Synth 8-7078] Launching helper process for spawning children vivado processes
INFO: [Synth 8-7075] Helper process launched with PID 60524
---------------------------------------------------------------------------------
Starting RTL Elaboration : Time (s): cpu = 00:00:02 ; elapsed = 00:00:12 . Memory (MB): peak = 1399.758 ; gain = 440.387
---------------------------------------------------------------------------------
INFO: [Synth 8-11241] undeclared symbol 'c1', assumed default net type 'wire' [E:/Experiements/Experiement_5.3/Experiement_5.3.srcs/sources_1/new/adder_1bit.v:30]
INFO: [Synth 8-11241] undeclared symbol 'c2', assumed default net type 'wire' [E:/Experiements/Experiement_5.3/Experiement_5.3.srcs/sources_1/new/adder_1bit.v:31]
INFO: [Synth 8-11241] undeclared symbol 'c3', assumed default net type 'wire' [E:/Experiements/Experiement_5.3/Experiement_5.3.srcs/sources_1/new/adder_1bit.v:32]
INFO: [Synth 8-11241] undeclared symbol 's1', assumed default net type 'wire' [E:/Experiements/Experiement_5.3/Experiement_5.3.srcs/sources_1/new/adder_1bit.v:33]
INFO: [Synth 8-11241] undeclared symbol 'xor0', assumed default net type 'wire' [E:/Experiements/Experiement_5.3/Experiement_5.3.srcs/sources_1/new/addsub_1bit.v:31]
INFO: [Synth 8-11241] undeclared symbol 'co0', assumed default net type 'wire' [E:/Experiements/Experiement_5.3/Experiement_5.3.srcs/sources_1/new/addsub_4bit.v:30]
INFO: [Synth 8-11241] undeclared symbol 'co1', assumed default net type 'wire' [E:/Experiements/Experiement_5.3/Experiement_5.3.srcs/sources_1/new/addsub_4bit.v:31]
INFO: [Synth 8-11241] undeclared symbol 'co2', assumed default net type 'wire' [E:/Experiements/Experiement_5.3/Experiement_5.3.srcs/sources_1/new/addsub_4bit.v:32]
INFO: [Synth 8-11241] undeclared symbol 'co3', assumed default net type 'wire' [E:/Experiements/Experiement_5.3/Experiement_5.3.srcs/sources_1/new/addsub_4bit.v:33]
INFO: [Synth 8-11241] undeclared symbol 'nc', assumed default net type 'wire' [E:/Experiements/Experiement_5.3/Experiement_5.3.srcs/sources_1/new/addsub_4bit.v:35]
INFO: [Synth 8-11241] undeclared symbol 'nco', assumed default net type 'wire' [E:/Experiements/Experiement_5.3/Experiement_5.3.srcs/sources_1/new/addsub_4bit.v:36]
INFO: [Synth 8-11241] undeclared symbol 'a0', assumed default net type 'wire' [E:/Experiements/Experiement_5.3/Experiement_5.3.srcs/sources_1/new/addsub_4bit.v:37]
INFO: [Synth 8-11241] undeclared symbol 'a1', assumed default net type 'wire' [E:/Experiements/Experiement_5.3/Experiement_5.3.srcs/sources_1/new/addsub_4bit.v:38]
INFO: [Synth 8-6157] synthesizing module 'addsub_4bitmux' [E:/Experiements/Experiement_5.3/Experiement_5.3.srcs/sources_1/new/addsub_4bitmux.v:23]
INFO: [Synth 8-6157] synthesizing module 'addsub_4bit' [E:/Experiements/Experiement_5.3/Experiement_5.3.srcs/sources_1/new/addsub_4bit.v:23]
INFO: [Synth 8-6157] synthesizing module 'addsub_1bit' [E:/Experiements/Experiement_5.3/Experiement_5.3.srcs/sources_1/new/addsub_1bit.v:23]
INFO: [Synth 8-6157] synthesizing module 'adder_1bit' [E:/Experiements/Experiement_5.3/Experiement_5.3.srcs/sources_1/new/adder_1bit.v:23]
INFO: [Synth 8-6155] done synthesizing module 'adder_1bit' (0#1) [E:/Experiements/Experiement_5.3/Experiement_5.3.srcs/sources_1/new/adder_1bit.v:23]
INFO: [Synth 8-6155] done synthesizing module 'addsub_1bit' (0#1) [E:/Experiements/Experiement_5.3/Experiement_5.3.srcs/sources_1/new/addsub_1bit.v:23]
INFO: [Synth 8-6155] done synthesizing module 'addsub_4bit' (0#1) [E:/Experiements/Experiement_5.3/Experiement_5.3.srcs/sources_1/new/addsub_4bit.v:23]
INFO: [Synth 8-6157] synthesizing module 'and_4bit' [E:/Experiements/Experiement_5.3/Experiement_5.3.srcs/sources_1/new/and_4bit.v:23]
INFO: [Synth 8-6155] done synthesizing module 'and_4bit' (0#1) [E:/Experiements/Experiement_5.3/Experiement_5.3.srcs/sources_1/new/and_4bit.v:23]
INFO: [Synth 8-6157] synthesizing module 'or_4bit' [E:/Experiements/Experiement_5.3/Experiement_5.3.srcs/sources_1/new/or_4bit.v:23]
INFO: [Synth 8-6155] done synthesizing module 'or_4bit' (0#1) [E:/Experiements/Experiement_5.3/Experiement_5.3.srcs/sources_1/new/or_4bit.v:23]
INFO: [Synth 8-6157] synthesizing module 'mux41_4bit' [E:/Experiements/Experiement_5.3/Experiement_5.3.srcs/sources_1/new/mux41_4bit.v:23]
INFO: [Synth 8-6155] done synthesizing module 'mux41_4bit' (0#1) [E:/Experiements/Experiement_5.3/Experiement_5.3.srcs/sources_1/new/mux41_4bit.v:23]
INFO: [Synth 8-6157] synthesizing module 'mux41_1bit' [E:/Experiements/Experiement_5.3/Experiement_5.3.srcs/sources_1/new/mux41_1bit.v:23]
INFO: [Synth 8-6155] done synthesizing module 'mux41_1bit' (0#1) [E:/Experiements/Experiement_5.3/Experiement_5.3.srcs/sources_1/new/mux41_1bit.v:23]
INFO: [Synth 8-6155] done synthesizing module 'addsub_4bitmux' (0#1) [E:/Experiements/Experiement_5.3/Experiement_5.3.srcs/sources_1/new/addsub_4bitmux.v:23]
---------------------------------------------------------------------------------
Finished RTL Elaboration : Time (s): cpu = 00:00:02 ; elapsed = 00:00:17 . Memory (MB): peak = 1506.938 ; gain = 547.566
---------------------------------------------------------------------------------
---------------------------------------------------------------------------------
Start Handling Custom Attributes
---------------------------------------------------------------------------------
---------------------------------------------------------------------------------
Finished Handling Custom Attributes : Time (s): cpu = 00:00:02 ; elapsed = 00:00:17 . Memory (MB): peak = 1506.938 ; gain = 547.566
---------------------------------------------------------------------------------
---------------------------------------------------------------------------------
Finished RTL Optimization Phase 1 : Time (s): cpu = 00:00:02 ; elapsed = 00:00:17 . Memory (MB): peak = 1506.938 ; gain = 547.566
---------------------------------------------------------------------------------
Netlist sorting complete. Time (s): cpu = 00:00:00 ; elapsed = 00:00:00 . Memory (MB): peak = 1506.938 ; gain = 0.000
INFO: [Project 1-570] Preparing netlist for logic optimization

Processing XDC Constraints
Initializing timing engine
Parsing XDC File [E:/Experiements/Experiement_5.3/Experiement_5.3.srcs/constrs_1/new/addsub_4bitmux.xdc]
Finished Parsing XDC File [E:/Experiements/Experiement_5.3/Experiement_5.3.srcs/constrs_1/new/addsub_4bitmux.xdc]
INFO: [Project 1-236] Implementation specific constraints were found while reading constraint file [E:/Experiements/Experiement_5.3/Experiement_5.3.srcs/constrs_1/new/addsub_4bitmux.xdc]. These constraints will be ignored for synthesis but will be used in implementation. Impacted constraints are listed in the file [.Xil/addsub_4bitmux_propImpl.xdc].
Resolution: To avoid this warning, move constraints listed in [.Xil/addsub_4bitmux_propImpl.xdc] to another XDC file and exclude this new file from synthesis with the used_in_synthesis property (File Properties dialog in GUI) and re-run elaboration/synthesis.
Completed Processing XDC Constraints

Netlist sorting complete. Time (s): cpu = 00:00:00 ; elapsed = 00:00:00 . Memory (MB): peak = 1529.926 ; gain = 0.000
INFO: [Project 1-111] Unisim Transformation Summary:
No Unisim elements were transformed.

系统找不到指定的路径。
Constraint Validation Runtime : Time (s): cpu = 00:00:00 ; elapsed = 00:00:00.040 . Memory (MB): peak = 1529.926 ; gain = 0.000
INFO: [Designutils 20-5440] No compile time benefit to using incremental synthesis; A full resynthesis will be run
INFO: [Designutils 20-4379] Flow is switching to default flow due to incremental criteria not met. If you would like to alter this behaviour and have the flow terminate instead, please set the following parameter config_implementation {autoIncr.Synth.RejectBehavior Terminate}
---------------------------------------------------------------------------------
Finished Constraint Validation : Time (s): cpu = 00:00:06 ; elapsed = 00:00:27 . Memory (MB): peak = 1529.926 ; gain = 570.555
---------------------------------------------------------------------------------
---------------------------------------------------------------------------------
Start Loading Part and Timing Information
---------------------------------------------------------------------------------
Loading part: xc7a35tcsg324-1
---------------------------------------------------------------------------------
Finished Loading Part and Timing Information : Time (s): cpu = 00:00:06 ; elapsed = 00:00:27 . Memory (MB): peak = 1529.926 ; gain = 570.555
---------------------------------------------------------------------------------
---------------------------------------------------------------------------------
Start Applying 'set_property' XDC Constraints
---------------------------------------------------------------------------------
---------------------------------------------------------------------------------
Finished applying 'set_property' XDC Constraints : Time (s): cpu = 00:00:06 ; elapsed = 00:00:27 . Memory (MB): peak = 1529.926 ; gain = 570.555
---------------------------------------------------------------------------------
---------------------------------------------------------------------------------
Finished RTL Optimization Phase 2 : Time (s): cpu = 00:00:06 ; elapsed = 00:00:28 . Memory (MB): peak = 1529.926 ; gain = 570.555
---------------------------------------------------------------------------------
---------------------------------------------------------------------------------
Start RTL Component Statistics 
---------------------------------------------------------------------------------
Detailed RTL Component Info : 
+---XORs : 
	   3 Input      1 Bit         XORs := 4     
	   2 Input      1 Bit         XORs := 4     
+---Muxes : 
	   4 Input    4 Bit        Muxes := 1     
	   4 Input    1 Bit        Muxes := 1     
---------------------------------------------------------------------------------
Finished RTL Component Statistics 
---------------------------------------------------------------------------------
---------------------------------------------------------------------------------
Start Part Resource Summary
---------------------------------------------------------------------------------
Part Resources:
DSPs: 90 (col length:60)
BRAMs: 100 (col length: RAMB18 60 RAMB36 30)
---------------------------------------------------------------------------------
Finished Part Resource Summary
---------------------------------------------------------------------------------
---------------------------------------------------------------------------------
Start Cross Boundary and Area Optimization
---------------------------------------------------------------------------------
WARNING: [Synth 8-7080] Parallel synthesis criteria is not met
---------------------------------------------------------------------------------
Finished Cross Boundary and Area Optimization : Time (s): cpu = 00:00:07 ; elapsed = 00:00:32 . Memory (MB): peak = 1529.926 ; gain = 570.555
---------------------------------------------------------------------------------
---------------------------------------------------------------------------------
Start Applying XDC Timing Constraints
---------------------------------------------------------------------------------
---------------------------------------------------------------------------------
Finished Applying XDC Timing Constraints : Time (s): cpu = 00:00:11 ; elapsed = 00:00:40 . Memory (MB): peak = 1529.926 ; gain = 570.555
---------------------------------------------------------------------------------
---------------------------------------------------------------------------------
Start Timing Optimization
---------------------------------------------------------------------------------
---------------------------------------------------------------------------------
Finished Timing Optimization : Time (s): cpu = 00:00:11 ; elapsed = 00:00:40 . Memory (MB): peak = 1529.926 ; gain = 570.555
---------------------------------------------------------------------------------
---------------------------------------------------------------------------------
Start Technology Mapping
---------------------------------------------------------------------------------
---------------------------------------------------------------------------------
Finished Technology Mapping : Time (s): cpu = 00:00:11 ; elapsed = 00:00:40 . Memory (MB): peak = 1529.926 ; gain = 570.555
---------------------------------------------------------------------------------
---------------------------------------------------------------------------------
Start IO Insertion
---------------------------------------------------------------------------------
---------------------------------------------------------------------------------
Start Flattening Before IO Insertion
---------------------------------------------------------------------------------
---------------------------------------------------------------------------------
Finished Flattening Before IO Insertion
---------------------------------------------------------------------------------
---------------------------------------------------------------------------------
Start Final Netlist Cleanup
---------------------------------------------------------------------------------
---------------------------------------------------------------------------------
Finished Final Netlist Cleanup
---------------------------------------------------------------------------------
---------------------------------------------------------------------------------
Finished IO Insertion : Time (s): cpu = 00:00:12 ; elapsed = 00:00:47 . Memory (MB): peak = 1529.926 ; gain = 570.555
---------------------------------------------------------------------------------
---------------------------------------------------------------------------------
Start Renaming Generated Instances
---------------------------------------------------------------------------------
---------------------------------------------------------------------------------
Finished Renaming Generated Instances : Time (s): cpu = 00:00:12 ; elapsed = 00:00:47 . Memory (MB): peak = 1529.926 ; gain = 570.555
---------------------------------------------------------------------------------
---------------------------------------------------------------------------------
Start Rebuilding User Hierarchy
---------------------------------------------------------------------------------
---------------------------------------------------------------------------------
Finished Rebuilding User Hierarchy : Time (s): cpu = 00:00:12 ; elapsed = 00:00:47 . Memory (MB): peak = 1529.926 ; gain = 570.555
---------------------------------------------------------------------------------
---------------------------------------------------------------------------------
Start Renaming Generated Ports
---------------------------------------------------------------------------------
---------------------------------------------------------------------------------
Finished Renaming Generated Ports : Time (s): cpu = 00:00:12 ; elapsed = 00:00:47 . Memory (MB): peak = 1529.926 ; gain = 570.555
---------------------------------------------------------------------------------
---------------------------------------------------------------------------------
Start Handling Custom Attributes
---------------------------------------------------------------------------------
---------------------------------------------------------------------------------
Finished Handling Custom Attributes : Time (s): cpu = 00:00:12 ; elapsed = 00:00:47 . Memory (MB): peak = 1529.926 ; gain = 570.555
---------------------------------------------------------------------------------
---------------------------------------------------------------------------------
Start Renaming Generated Nets
---------------------------------------------------------------------------------
---------------------------------------------------------------------------------
Finished Renaming Generated Nets : Time (s): cpu = 00:00:12 ; elapsed = 00:00:47 . Memory (MB): peak = 1529.926 ; gain = 570.555
---------------------------------------------------------------------------------
---------------------------------------------------------------------------------
Start Writing Synthesis Report
---------------------------------------------------------------------------------

Report BlackBoxes: 
+-+--------------+----------+
| |BlackBox name |Instances |
+-+--------------+----------+
+-+--------------+----------+

Report Cell Usage: 
+------+-----+------+
|      |Cell |Count |
+------+-----+------+
|1     |LUT4 |     2|
|2     |LUT5 |     4|
|3     |LUT6 |     1|
|4     |IBUF |    10|
|5     |OBUF |     5|
+------+-----+------+
---------------------------------------------------------------------------------
Finished Writing Synthesis Report : Time (s): cpu = 00:00:12 ; elapsed = 00:00:47 . Memory (MB): peak = 1529.926 ; gain = 570.555
---------------------------------------------------------------------------------
Synthesis finished with 0 errors, 0 critical warnings and 1 warnings.
Synthesis Optimization Runtime : Time (s): cpu = 00:00:09 ; elapsed = 00:00:45 . Memory (MB): peak = 1529.926 ; gain = 547.566
Synthesis Optimization Complete : Time (s): cpu = 00:00:12 ; elapsed = 00:00:47 . Memory (MB): peak = 1529.926 ; gain = 570.555
INFO: [Project 1-571] Translating synthesized netlist
Netlist sorting complete. Time (s): cpu = 00:00:00 ; elapsed = 00:00:00 . Memory (MB): peak = 1529.926 ; gain = 0.000
INFO: [Project 1-570] Preparing netlist for logic optimization
INFO: [Opt 31-138] Pushed 0 inverter(s) to 0 load pin(s).
Netlist sorting complete. Time (s): cpu = 00:00:00 ; elapsed = 00:00:00 . Memory (MB): peak = 1529.926 ; gain = 0.000
INFO: [Project 1-111] Unisim Transformation Summary:
No Unisim elements were transformed.

系统找不到指定的路径。
Synth Design complete | Checksum: 2fa9c457
INFO: [Common 17-83] Releasing license: Synthesis
48 Infos, 1 Warnings, 0 Critical Warnings and 0 Errors encountered.
synth_design completed successfully
synth_design: Time (s): cpu = 00:00:15 ; elapsed = 00:00:57 . Memory (MB): peak = 1529.926 ; gain = 961.312
Write ShapeDB Complete: Time (s): cpu = 00:00:00 ; elapsed = 00:00:00.001 . Memory (MB): peak = 1529.926 ; gain = 0.000
INFO: [Common 17-1381] The checkpoint 'E:/Experiements/Experiement_5.3/Experiement_5.3.runs/synth_1/addsub_4bitmux.dcp' has been generated.
INFO: [runtcl-4] Executing : report_utilization -file addsub_4bitmux_utilization_synth.rpt -pb addsub_4bitmux_utilization_synth.pb
INFO: [Common 17-206] Exiting Vivado at Wed Apr 10 16:14:49 2024...
