
*** Running vivado
    with args -log addsub_4bit.vds -m64 -product Vivado -mode batch -messageDb vivado.pb -notrace -source addsub_4bit.tcl



****** Vivado v2023.2 (64-bit)
  **** SW Build 4029153 on Fri Oct 13 20:14:34 MDT 2023
  **** IP Build 4028589 on Sat Oct 14 00:45:43 MDT 2023
  **** SharedData Build 4025554 on Tue Oct 10 17:18:54 MDT 2023
    ** Copyright 1986-2022 Xilinx, Inc. All Rights Reserved.
    ** Copyright 2022-2023 Advanced Micro Devices, Inc. All Rights Reserved.

source addsub_4bit.tcl -notrace
create_project: Time (s): cpu = 00:00:02 ; elapsed = 00:00:09 . Memory (MB): peak = 565.402 ; gain = 182.797
Command: read_checkpoint -auto_incremental -incremental E:/Experiements/Experiement_5.2/Experiement_5.2.srcs/utils_1/imports/synth_1/addsub_4bit.dcp
INFO: [Vivado 12-5825] Read reference checkpoint from E:/Experiements/Experiement_5.2/Experiement_5.2.srcs/utils_1/imports/synth_1/addsub_4bit.dcp for incremental synthesis
INFO: [Vivado 12-7989] Please ensure there are no constraint changes
Command: synth_design -top addsub_4bit -part xc7a35tcsg324-1
Starting synth_design
Attempting to get a license for feature 'Synthesis' and/or device 'xc7a35t'
INFO: [Common 17-349] Got license for feature 'Synthesis' and/or device 'xc7a35t'
INFO: [Device 21-403] Loading part xc7a35tcsg324-1
INFO: [Designutils 20-5440] No compile time benefit to using incremental synthesis; A full resynthesis will be run
INFO: [Designutils 20-4379] Flow is switching to default flow due to incremental criteria not met. If you would like to alter this behaviour and have the flow terminate instead, please set the following parameter config_implementation {autoIncr.Synth.RejectBehavior Terminate}
INFO: [Synth 8-7079] Multithreading enabled for synth_design using a maximum of 2 processes.
INFO: [Synth 8-7078] Launching helper process for spawning children vivado processes
INFO: [Synth 8-7075] Helper process launched with PID 17464
---------------------------------------------------------------------------------
Starting RTL Elaboration : Time (s): cpu = 00:00:02 ; elapsed = 00:00:07 . Memory (MB): peak = 1402.266 ; gain = 442.016
---------------------------------------------------------------------------------
INFO: [Synth 8-11241] undeclared symbol 'c1', assumed default net type 'wire' [E:/Experiements/Experiement_5.2/Experiement_5.2.srcs/sources_1/new/adder_1bit.v:30]
INFO: [Synth 8-11241] undeclared symbol 'c2', assumed default net type 'wire' [E:/Experiements/Experiement_5.2/Experiement_5.2.srcs/sources_1/new/adder_1bit.v:31]
INFO: [Synth 8-11241] undeclared symbol 'c3', assumed default net type 'wire' [E:/Experiements/Experiement_5.2/Experiement_5.2.srcs/sources_1/new/adder_1bit.v:32]
INFO: [Synth 8-11241] undeclared symbol 's1', assumed default net type 'wire' [E:/Experiements/Experiement_5.2/Experiement_5.2.srcs/sources_1/new/adder_1bit.v:33]
INFO: [Synth 8-11241] undeclared symbol 'xor0', assumed default net type 'wire' [E:/Experiements/Experiement_5.2/Experiement_5.2.srcs/sources_1/new/addsub_1bit.v:31]
INFO: [Synth 8-11241] undeclared symbol 'co0', assumed default net type 'wire' [E:/Experiements/Experiement_5.2/Experiement_5.2.srcs/sources_1/new/addsub_4bit.v:32]
INFO: [Synth 8-11241] undeclared symbol 'co1', assumed default net type 'wire' [E:/Experiements/Experiement_5.2/Experiement_5.2.srcs/sources_1/new/addsub_4bit.v:34]
INFO: [Synth 8-11241] undeclared symbol 'co2', assumed default net type 'wire' [E:/Experiements/Experiement_5.2/Experiement_5.2.srcs/sources_1/new/addsub_4bit.v:36]
INFO: [Synth 8-11241] undeclared symbol 'co3', assumed default net type 'wire' [E:/Experiements/Experiement_5.2/Experiement_5.2.srcs/sources_1/new/addsub_4bit.v:38]
INFO: [Synth 8-11241] undeclared symbol 'n1', assumed default net type 'wire' [E:/Experiements/Experiement_5.2/Experiement_5.2.srcs/sources_1/new/addsub_4bit.v:40]
INFO: [Synth 8-11241] undeclared symbol 'n2', assumed default net type 'wire' [E:/Experiements/Experiement_5.2/Experiement_5.2.srcs/sources_1/new/addsub_4bit.v:41]
INFO: [Synth 8-11241] undeclared symbol 'a0', assumed default net type 'wire' [E:/Experiements/Experiement_5.2/Experiement_5.2.srcs/sources_1/new/addsub_4bit.v:42]
INFO: [Synth 8-11241] undeclared symbol 'a1', assumed default net type 'wire' [E:/Experiements/Experiement_5.2/Experiement_5.2.srcs/sources_1/new/addsub_4bit.v:43]
INFO: [Synth 8-6157] synthesizing module 'addsub_4bit' [E:/Experiements/Experiement_5.2/Experiement_5.2.srcs/sources_1/new/addsub_4bit.v:23]
INFO: [Synth 8-6157] synthesizing module 'addsub_1bit' [E:/Experiements/Experiement_5.2/Experiement_5.2.srcs/sources_1/new/addsub_1bit.v:23]
INFO: [Synth 8-6157] synthesizing module 'adder_1bit' [E:/Experiements/Experiement_5.2/Experiement_5.2.srcs/sources_1/new/adder_1bit.v:23]
INFO: [Synth 8-6155] done synthesizing module 'adder_1bit' (0#1) [E:/Experiements/Experiement_5.2/Experiement_5.2.srcs/sources_1/new/adder_1bit.v:23]
INFO: [Synth 8-6155] done synthesizing module 'addsub_1bit' (0#1) [E:/Experiements/Experiement_5.2/Experiement_5.2.srcs/sources_1/new/addsub_1bit.v:23]
INFO: [Synth 8-6155] done synthesizing module 'addsub_4bit' (0#1) [E:/Experiements/Experiement_5.2/Experiement_5.2.srcs/sources_1/new/addsub_4bit.v:23]
---------------------------------------------------------------------------------
Finished RTL Elaboration : Time (s): cpu = 00:00:04 ; elapsed = 00:00:10 . Memory (MB): peak = 1508.152 ; gain = 547.902
---------------------------------------------------------------------------------
---------------------------------------------------------------------------------
Start Handling Custom Attributes
---------------------------------------------------------------------------------
---------------------------------------------------------------------------------
Finished Handling Custom Attributes : Time (s): cpu = 00:00:04 ; elapsed = 00:00:11 . Memory (MB): peak = 1508.152 ; gain = 547.902
---------------------------------------------------------------------------------
---------------------------------------------------------------------------------
Finished RTL Optimization Phase 1 : Time (s): cpu = 00:00:04 ; elapsed = 00:00:11 . Memory (MB): peak = 1508.152 ; gain = 547.902
---------------------------------------------------------------------------------
Netlist sorting complete. Time (s): cpu = 00:00:00 ; elapsed = 00:00:00.001 . Memory (MB): peak = 1508.152 ; gain = 0.000
INFO: [Project 1-570] Preparing netlist for logic optimization

Processing XDC Constraints
Initializing timing engine
Parsing XDC File [E:/Experiements/Experiement_5.2/Experiement_5.2.srcs/constrs_1/new/addsub_4bit.xdc]
Finished Parsing XDC File [E:/Experiements/Experiement_5.2/Experiement_5.2.srcs/constrs_1/new/addsub_4bit.xdc]
INFO: [Project 1-236] Implementation specific constraints were found while reading constraint file [E:/Experiements/Experiement_5.2/Experiement_5.2.srcs/constrs_1/new/addsub_4bit.xdc]. These constraints will be ignored for synthesis but will be used in implementation. Impacted constraints are listed in the file [.Xil/addsub_4bit_propImpl.xdc].
Resolution: To avoid this warning, move constraints listed in [.Xil/addsub_4bit_propImpl.xdc] to another XDC file and exclude this new file from synthesis with the used_in_synthesis property (File Properties dialog in GUI) and re-run elaboration/synthesis.
Completed Processing XDC Constraints

Netlist sorting complete. Time (s): cpu = 00:00:00 ; elapsed = 00:00:00 . Memory (MB): peak = 1586.305 ; gain = 0.000
INFO: [Project 1-111] Unisim Transformation Summary:
No Unisim elements were transformed.

系统找不到指定的路径。
Constraint Validation Runtime : Time (s): cpu = 00:00:00 ; elapsed = 00:00:00.053 . Memory (MB): peak = 1586.305 ; gain = 0.000
INFO: [Designutils 20-5440] No compile time benefit to using incremental synthesis; A full resynthesis will be run
INFO: [Designutils 20-4379] Flow is switching to default flow due to incremental criteria not met. If you would like to alter this behaviour and have the flow terminate instead, please set the following parameter config_implementation {autoIncr.Synth.RejectBehavior Terminate}
---------------------------------------------------------------------------------
Finished Constraint Validation : Time (s): cpu = 00:00:10 ; elapsed = 00:00:22 . Memory (MB): peak = 1586.305 ; gain = 626.055
---------------------------------------------------------------------------------
---------------------------------------------------------------------------------
Start Loading Part and Timing Information
---------------------------------------------------------------------------------
Loading part: xc7a35tcsg324-1
---------------------------------------------------------------------------------
Finished Loading Part and Timing Information : Time (s): cpu = 00:00:10 ; elapsed = 00:00:22 . Memory (MB): peak = 1586.305 ; gain = 626.055
---------------------------------------------------------------------------------
---------------------------------------------------------------------------------
Start Applying 'set_property' XDC Constraints
---------------------------------------------------------------------------------
---------------------------------------------------------------------------------
Finished applying 'set_property' XDC Constraints : Time (s): cpu = 00:00:10 ; elapsed = 00:00:22 . Memory (MB): peak = 1586.305 ; gain = 626.055
---------------------------------------------------------------------------------
---------------------------------------------------------------------------------
Finished RTL Optimization Phase 2 : Time (s): cpu = 00:00:10 ; elapsed = 00:00:23 . Memory (MB): peak = 1586.305 ; gain = 626.055
---------------------------------------------------------------------------------
---------------------------------------------------------------------------------
Start RTL Component Statistics 
---------------------------------------------------------------------------------
Detailed RTL Component Info : 
+---XORs : 
	   3 Input      1 Bit         XORs := 4     
	   2 Input      1 Bit         XORs := 4     
---------------------------------------------------------------------------------
Finished RTL Component Statistics 
---------------------------------------------------------------------------------
---------------------------------------------------------------------------------
Start Part Resource Summary
---------------------------------------------------------------------------------
Part Resources:
DSPs: 90 (col length:60)
BRAMs: 100 (col length: RAMB18 60 RAMB36 30)
---------------------------------------------------------------------------------
Finished Part Resource Summary
---------------------------------------------------------------------------------
---------------------------------------------------------------------------------
Start Cross Boundary and Area Optimization
---------------------------------------------------------------------------------
WARNING: [Synth 8-7080] Parallel synthesis criteria is not met
---------------------------------------------------------------------------------
Finished Cross Boundary and Area Optimization : Time (s): cpu = 00:00:11 ; elapsed = 00:00:26 . Memory (MB): peak = 1586.305 ; gain = 626.055
---------------------------------------------------------------------------------
---------------------------------------------------------------------------------
Start Applying XDC Timing Constraints
---------------------------------------------------------------------------------
---------------------------------------------------------------------------------
Finished Applying XDC Timing Constraints : Time (s): cpu = 00:00:13 ; elapsed = 00:00:33 . Memory (MB): peak = 1586.305 ; gain = 626.055
---------------------------------------------------------------------------------
---------------------------------------------------------------------------------
Start Timing Optimization
---------------------------------------------------------------------------------
---------------------------------------------------------------------------------
Finished Timing Optimization : Time (s): cpu = 00:00:13 ; elapsed = 00:00:33 . Memory (MB): peak = 1586.305 ; gain = 626.055
---------------------------------------------------------------------------------
---------------------------------------------------------------------------------
Start Technology Mapping
---------------------------------------------------------------------------------
---------------------------------------------------------------------------------
Finished Technology Mapping : Time (s): cpu = 00:00:13 ; elapsed = 00:00:33 . Memory (MB): peak = 1586.305 ; gain = 626.055
---------------------------------------------------------------------------------
---------------------------------------------------------------------------------
Start IO Insertion
---------------------------------------------------------------------------------
---------------------------------------------------------------------------------
Start Flattening Before IO Insertion
---------------------------------------------------------------------------------
---------------------------------------------------------------------------------
Finished Flattening Before IO Insertion
---------------------------------------------------------------------------------
---------------------------------------------------------------------------------
Start Final Netlist Cleanup
---------------------------------------------------------------------------------
---------------------------------------------------------------------------------
Finished Final Netlist Cleanup
---------------------------------------------------------------------------------
---------------------------------------------------------------------------------
Finished IO Insertion : Time (s): cpu = 00:00:17 ; elapsed = 00:00:38 . Memory (MB): peak = 1586.305 ; gain = 626.055
---------------------------------------------------------------------------------
---------------------------------------------------------------------------------
Start Renaming Generated Instances
---------------------------------------------------------------------------------
---------------------------------------------------------------------------------
Finished Renaming Generated Instances : Time (s): cpu = 00:00:17 ; elapsed = 00:00:38 . Memory (MB): peak = 1586.305 ; gain = 626.055
---------------------------------------------------------------------------------
---------------------------------------------------------------------------------
Start Rebuilding User Hierarchy
---------------------------------------------------------------------------------
---------------------------------------------------------------------------------
Finished Rebuilding User Hierarchy : Time (s): cpu = 00:00:17 ; elapsed = 00:00:38 . Memory (MB): peak = 1586.305 ; gain = 626.055
---------------------------------------------------------------------------------
---------------------------------------------------------------------------------
Start Renaming Generated Ports
---------------------------------------------------------------------------------
---------------------------------------------------------------------------------
Finished Renaming Generated Ports : Time (s): cpu = 00:00:17 ; elapsed = 00:00:38 . Memory (MB): peak = 1586.305 ; gain = 626.055
---------------------------------------------------------------------------------
---------------------------------------------------------------------------------
Start Handling Custom Attributes
---------------------------------------------------------------------------------
---------------------------------------------------------------------------------
Finished Handling Custom Attributes : Time (s): cpu = 00:00:17 ; elapsed = 00:00:38 . Memory (MB): peak = 1586.305 ; gain = 626.055
---------------------------------------------------------------------------------
---------------------------------------------------------------------------------
Start Renaming Generated Nets
---------------------------------------------------------------------------------
---------------------------------------------------------------------------------
Finished Renaming Generated Nets : Time (s): cpu = 00:00:17 ; elapsed = 00:00:38 . Memory (MB): peak = 1586.305 ; gain = 626.055
---------------------------------------------------------------------------------
---------------------------------------------------------------------------------
Start Writing Synthesis Report
---------------------------------------------------------------------------------

Report BlackBoxes: 
+-+--------------+----------+
| |BlackBox name |Instances |
+-+--------------+----------+
+-+--------------+----------+

Report Cell Usage: 
+------+-----+------+
|      |Cell |Count |
+------+-----+------+
|1     |LUT2 |     1|
|2     |LUT4 |     1|
|3     |LUT5 |     2|
|4     |LUT6 |     2|
|5     |IBUF |     9|
|6     |OBUF |     5|
+------+-----+------+
---------------------------------------------------------------------------------
Finished Writing Synthesis Report : Time (s): cpu = 00:00:17 ; elapsed = 00:00:38 . Memory (MB): peak = 1586.305 ; gain = 626.055
---------------------------------------------------------------------------------
Synthesis finished with 0 errors, 0 critical warnings and 1 warnings.
Synthesis Optimization Runtime : Time (s): cpu = 00:00:12 ; elapsed = 00:00:35 . Memory (MB): peak = 1586.305 ; gain = 547.902
Synthesis Optimization Complete : Time (s): cpu = 00:00:17 ; elapsed = 00:00:39 . Memory (MB): peak = 1586.305 ; gain = 626.055
INFO: [Project 1-571] Translating synthesized netlist
Netlist sorting complete. Time (s): cpu = 00:00:00 ; elapsed = 00:00:00 . Memory (MB): peak = 1586.305 ; gain = 0.000
INFO: [Project 1-570] Preparing netlist for logic optimization
INFO: [Opt 31-138] Pushed 0 inverter(s) to 0 load pin(s).
Netlist sorting complete. Time (s): cpu = 00:00:00 ; elapsed = 00:00:00 . Memory (MB): peak = 1586.305 ; gain = 0.000
INFO: [Project 1-111] Unisim Transformation Summary:
No Unisim elements were transformed.

系统找不到指定的路径。
Synth Design complete | Checksum: f2b1691
INFO: [Common 17-83] Releasing license: Synthesis
38 Infos, 1 Warnings, 0 Critical Warnings and 0 Errors encountered.
synth_design completed successfully
synth_design: Time (s): cpu = 00:00:21 ; elapsed = 00:00:48 . Memory (MB): peak = 1586.305 ; gain = 1017.934
Write ShapeDB Complete: Time (s): cpu = 00:00:00 ; elapsed = 00:00:00.034 . Memory (MB): peak = 1586.305 ; gain = 0.000
INFO: [Common 17-1381] The checkpoint 'E:/Experiements/Experiement_5.2/Experiement_5.2.runs/synth_1/addsub_4bit.dcp' has been generated.
INFO: [runtcl-4] Executing : report_utilization -file addsub_4bit_utilization_synth.rpt -pb addsub_4bit_utilization_synth.pb
INFO: [Common 17-206] Exiting Vivado at Wed Apr 10 15:59:18 2024...
